[2026-02-06 11:16:27] [INFO] [01-Check-containerd-gpu(init_logging):53]	-------------------脚本开始执行----------------------
[2026-02-06 11:16:27] [INFO] [01-Check-containerd-gpu(main):63]	OS: ubuntu 22.04
[2026-02-06 11:16:27] [INFO] [01-Check-containerd-gpu(main):70]	检测到 GPU 节点，开始检查 containerd/NVIDIA 运行时配置
[2026-02-06 11:16:27] [INFO] [01-Check-containerd-gpu(main):73]	检查 1/3：NVIDIA container toolkit 相关包是否已安装
[2026-02-06 11:16:27] [INFO] [01-Check-containerd-gpu(main):83]	OK: 已安装 nvidia-container-toolkit
[2026-02-06 11:16:27] [INFO] [01-Check-containerd-gpu(main):83]	OK: 已安装 nvidia-container-toolkit-base
[2026-02-06 11:16:27] [INFO] [01-Check-containerd-gpu(main):83]	OK: 已安装 libnvidia-container1
[2026-02-06 11:16:27] [INFO] [01-Check-containerd-gpu(main):83]	OK: 已安装 libnvidia-container-tools
[2026-02-06 11:16:27] [INFO] [01-Check-containerd-gpu(main):93]	OK: nvidia-ctk 已存在
[2026-02-06 11:16:27] [INFO] [01-Check-containerd-gpu(main):115]	检查 2/3：runtime_type 是否为 io.containerd.runc.v2
[2026-02-06 11:16:27] [ERROR] [01-Check-containerd-gpu(main):119]	未读取到 runc runtime_type（配置块缺失或格式不匹配）
解决方案建议：
- 确保 containerd config 中存在块：
  [plugins."io.containerd.grpc.v1.cri".containerd.runtimes.runc]
  runtime_type = "io.containerd.runc.v2"
- 修复后重启：sudo systemctl restart containerd
[2026-02-06 11:16:27] [INFO] [01-Check-containerd-gpu(main):140]	检查 3/3：default_runtime_name 是否为 nvidia
[2026-02-06 11:16:27] [WARN] [01-Check-containerd-gpu(main):144]	NOT-OK: 未设置 default_runtime_name（期望 nvidia）
解决方案建议（按你的策略：GPU 节点默认 runtime = nvidia）：
- 修改 /etc/containerd/config.toml：
  [plugins."io.containerd.grpc.v1.cri".containerd]
  default_runtime_name = "nvidia"
- 确保存在 nvidia runtime 块（nvidia-ctk 通常会写入）：
  [plugins."io.containerd.grpc.v1.cri".containerd.runtimes.nvidia]
  runtime_type = "io.containerd.runc.v2"
- 然后重启：sudo systemctl restart containerd
[2026-02-06 11:16:27] [INFO] [01-Check-containerd-gpu(main):167]	检查完成
[2026-02-06 11:16:51] [INFO] [01-Check-containerd-gpu(init_logging):53]	-------------------脚本开始执行----------------------
[2026-02-06 11:16:51] [INFO] [01-Check-containerd-gpu(main):63]	OS: ubuntu 22.04
[2026-02-06 11:16:51] [INFO] [01-Check-containerd-gpu(main):70]	检测到 GPU 节点，开始检查 containerd/NVIDIA 运行时配置
[2026-02-06 11:16:51] [INFO] [01-Check-containerd-gpu(main):73]	检查 1/3：NVIDIA container toolkit 相关包是否已安装
[2026-02-06 11:16:51] [INFO] [01-Check-containerd-gpu(main):83]	OK: 已安装 nvidia-container-toolkit
[2026-02-06 11:16:51] [INFO] [01-Check-containerd-gpu(main):83]	OK: 已安装 nvidia-container-toolkit-base
[2026-02-06 11:16:51] [INFO] [01-Check-containerd-gpu(main):83]	OK: 已安装 libnvidia-container1
[2026-02-06 11:16:51] [INFO] [01-Check-containerd-gpu(main):83]	OK: 已安装 libnvidia-container-tools
[2026-02-06 11:16:51] [INFO] [01-Check-containerd-gpu(main):93]	OK: nvidia-ctk 已存在
[2026-02-06 11:16:51] [INFO] [01-Check-containerd-gpu(main):115]	检查 2/3：runtime_type 是否为 io.containerd.runc.v2
[2026-02-06 11:16:51] [INFO] [01-Check-containerd-gpu(main):128]	OK: runtime_type=io.containerd.runc.v2
[2026-02-06 11:16:51] [INFO] [01-Check-containerd-gpu(main):140]	检查 3/3：default_runtime_name 是否为 nvidia
[2026-02-06 11:16:51] [WARN] [01-Check-containerd-gpu(main):158]	NOT-OK: default_runtime_name=runc（期望 nvidia）
解决方案建议（按你的策略：GPU 节点默认 runtime = nvidia）：
- 修改 /etc/containerd/config.toml：
  将 default_runtime_name 改为 "nvidia"
- 然后重启：sudo systemctl restart containerd
[2026-02-06 11:16:51] [INFO] [01-Check-containerd-gpu(main):167]	检查完成
[2026-02-06 11:17:17] [INFO] [01-Check-containerd-gpu(init_logging):53]	-------------------脚本开始执行----------------------
[2026-02-06 11:17:17] [INFO] [01-Check-containerd-gpu(main):63]	OS: ubuntu 22.04
[2026-02-06 11:17:17] [INFO] [01-Check-containerd-gpu(main):70]	检测到 GPU 节点，开始检查 containerd/NVIDIA 运行时配置
[2026-02-06 11:17:17] [INFO] [01-Check-containerd-gpu(main):73]	检查 1/3：NVIDIA container toolkit 相关包是否已安装
[2026-02-06 11:17:17] [INFO] [01-Check-containerd-gpu(main):83]	OK: 已安装 nvidia-container-toolkit
[2026-02-06 11:17:17] [INFO] [01-Check-containerd-gpu(main):83]	OK: 已安装 nvidia-container-toolkit-base
[2026-02-06 11:17:17] [INFO] [01-Check-containerd-gpu(main):83]	OK: 已安装 libnvidia-container1
[2026-02-06 11:17:17] [INFO] [01-Check-containerd-gpu(main):83]	OK: 已安装 libnvidia-container-tools
[2026-02-06 11:17:17] [INFO] [01-Check-containerd-gpu(main):93]	OK: nvidia-ctk 已存在
[2026-02-06 11:17:17] [INFO] [01-Check-containerd-gpu(main):115]	检查 2/3：runtime_type 是否为 io.containerd.runc.v2
[2026-02-06 11:17:17] [INFO] [01-Check-containerd-gpu(main):128]	OK: runtime_type=io.containerd.runc.v2
[2026-02-06 11:17:17] [INFO] [01-Check-containerd-gpu(main):140]	检查 3/3：default_runtime_name 是否为 nvidia
[2026-02-06 11:17:17] [WARN] [01-Check-containerd-gpu(main):158]	NOT-OK: default_runtime_name=runc（期望 nvidia）
解决方案建议（按你的策略：GPU 节点默认 runtime = nvidia）：
- 修改 /etc/containerd/config.toml：
  将 default_runtime_name 改为 "nvidia"
- 然后重启：sudo systemctl restart containerd
[2026-02-06 11:17:17] [INFO] [01-Check-containerd-gpu(main):167]	检查完成
[2026-02-06 11:20:22] [INFO] [01-Check-containerd-gpu(init_logging):53]	-------------------脚本开始执行----------------------
[2026-02-06 11:20:22] [INFO] [01-Check-containerd-gpu(main):63]	OS: ubuntu 22.04
[2026-02-06 11:20:22] [INFO] [01-Check-containerd-gpu(main):70]	检测到 GPU 节点，开始检查 containerd/NVIDIA 运行时配置
[2026-02-06 11:20:22] [INFO] [01-Check-containerd-gpu(main):73]	检查 1/3：NVIDIA container toolkit 相关包是否已安装
[2026-02-06 11:20:22] [INFO] [01-Check-containerd-gpu(main):83]	OK: 已安装 nvidia-container-toolkit
[2026-02-06 11:20:22] [INFO] [01-Check-containerd-gpu(main):83]	OK: 已安装 nvidia-container-toolkit-base
[2026-02-06 11:20:22] [INFO] [01-Check-containerd-gpu(main):83]	OK: 已安装 libnvidia-container1
[2026-02-06 11:20:22] [INFO] [01-Check-containerd-gpu(main):83]	OK: 已安装 libnvidia-container-tools
[2026-02-06 11:20:22] [INFO] [01-Check-containerd-gpu(main):93]	OK: nvidia-ctk 已存在
[2026-02-06 11:20:22] [INFO] [01-Check-containerd-gpu(main):115]	检查 2/3：runtime_type 是否为 io.containerd.runc.v2
[2026-02-06 11:20:22] [INFO] [01-Check-containerd-gpu(main):128]	OK: runtime_type=io.containerd.runc.v2
[2026-02-06 11:20:22] [INFO] [01-Check-containerd-gpu(main):140]	检查 3/3：default_runtime_name 是否为 nvidia
[2026-02-06 11:20:22] [INFO] [01-Check-containerd-gpu(main):156]	OK: default_runtime_name=nvidia
[2026-02-06 11:20:22] [INFO] [01-Check-containerd-gpu(main):168]	附加检查：Kubernetes 里 GPU 是否可用（nvidia.com/gpu 是否出现在 Node 上）
你可以手动执行（示例）：
  kubectl describe node <nodeName> | grep -A10 "Allocated resources"
  kubectl get node <nodeName> -o jsonpath='{.status.capacity.nvidia\.com/gpu}{" "}{.status.allocatable.nvidia\.com/gpu}{"\n"}'
  kubectl get pods -A | grep -i nvidia
[2026-02-06 11:20:22] [WARN] [01-Check-containerd-gpu(main):194]	Node real-341 未发现 nvidia.com/gpu（device-plugin 可能未生效/驱动未就绪/需重启 kubelet）
解决方案建议：
- 确认已执行：sudo bash /root/lwj/k8s-deploy/Script/20-Deploy-nvidia.sh
- 确认 device-plugin Pod 处于 Running
- 如已安装驱动/模块但资源仍不出现，可尝试重启 kubelet：
  sudo systemctl restart kubelet
Allocated resources:
  (Total limits may be over 100 percent, i.e., overcommitted.)
  Resource           Requests    Limits
  --------           --------    ------
  cpu                1280m (1%)  0 (0%)
  memory             380Mi (0%)  340Mi (0%)
  ephemeral-storage  0 (0%)      0 (0%)
  hugepages-1Gi      0 (0%)      0 (0%)
  hugepages-2Mi      0 (0%)      0 (0%)
Events:              <none>
[2026-02-06 11:20:22] [INFO] [01-Check-containerd-gpu(main):216]	检查完成
[2026-02-06 11:20:33] [INFO] [01-Check-containerd-gpu(init_logging):53]	-------------------脚本开始执行----------------------
[2026-02-06 11:20:33] [INFO] [01-Check-containerd-gpu(main):63]	OS: ubuntu 22.04
[2026-02-06 11:20:33] [INFO] [01-Check-containerd-gpu(main):70]	检测到 GPU 节点，开始检查 containerd/NVIDIA 运行时配置
[2026-02-06 11:20:33] [INFO] [01-Check-containerd-gpu(main):73]	检查 1/3：NVIDIA container toolkit 相关包是否已安装
[2026-02-06 11:20:33] [INFO] [01-Check-containerd-gpu(main):83]	OK: 已安装 nvidia-container-toolkit
[2026-02-06 11:20:33] [INFO] [01-Check-containerd-gpu(main):83]	OK: 已安装 nvidia-container-toolkit-base
[2026-02-06 11:20:33] [INFO] [01-Check-containerd-gpu(main):83]	OK: 已安装 libnvidia-container1
[2026-02-06 11:20:33] [INFO] [01-Check-containerd-gpu(main):83]	OK: 已安装 libnvidia-container-tools
[2026-02-06 11:20:33] [INFO] [01-Check-containerd-gpu(main):93]	OK: nvidia-ctk 已存在
[2026-02-06 11:20:33] [INFO] [01-Check-containerd-gpu(main):115]	检查 2/3：runtime_type 是否为 io.containerd.runc.v2
[2026-02-06 11:20:33] [INFO] [01-Check-containerd-gpu(main):128]	OK: runtime_type=io.containerd.runc.v2
[2026-02-06 11:20:33] [INFO] [01-Check-containerd-gpu(main):140]	检查 3/3：default_runtime_name 是否为 nvidia
[2026-02-06 11:20:33] [INFO] [01-Check-containerd-gpu(main):156]	OK: default_runtime_name=nvidia
[2026-02-06 11:20:33] [INFO] [01-Check-containerd-gpu(main):168]	附加检查：Kubernetes 里 GPU 是否可用（nvidia.com/gpu 是否出现在 Node 上）
你可以手动执行（示例）：
  kubectl describe node <nodeName> | grep -A10 "Allocated resources"
  kubectl get node <nodeName> -o jsonpath='{.status.capacity.nvidia\.com/gpu}{" "}{.status.allocatable.nvidia\.com/gpu}{"\n"}'
  kubectl get pods -A | grep -i nvidia
[2026-02-06 11:20:33] [WARN] [01-Check-containerd-gpu(main):194]	Node real-341 未发现 nvidia.com/gpu（device-plugin 可能未生效/驱动未就绪/需重启 kubelet）
解决方案建议：
- 确认已执行：sudo bash /root/lwj/k8s-deploy/Script/20-Deploy-nvidia.sh
- 确认 device-plugin Pod 处于 Running
- 如已安装驱动/模块但资源仍不出现，可尝试重启 kubelet：
  sudo systemctl restart kubelet
Allocated resources:
  (Total limits may be over 100 percent, i.e., overcommitted.)
  Resource           Requests    Limits
  --------           --------    ------
  cpu                1280m (1%)  0 (0%)
  memory             380Mi (0%)  340Mi (0%)
  ephemeral-storage  0 (0%)      0 (0%)
  hugepages-1Gi      0 (0%)      0 (0%)
  hugepages-2Mi      0 (0%)      0 (0%)
Events:              <none>
[2026-02-06 11:20:33] [INFO] [01-Check-containerd-gpu(main):216]	检查完成
[2026-02-06 12:11:25] [INFO] [01-Check-containerd-gpu(init_logging):53]	-------------------脚本开始执行----------------------
[2026-02-06 12:11:25] [INFO] [01-Check-containerd-gpu(main):63]	OS: ubuntu 22.04
[2026-02-06 12:11:25] [INFO] [01-Check-containerd-gpu(main):70]	检测到 GPU 节点，开始检查 containerd/NVIDIA 运行时配置
[2026-02-06 12:11:25] [INFO] [01-Check-containerd-gpu(main):73]	检查 1/3：NVIDIA container toolkit 相关包是否已安装
[2026-02-06 12:11:25] [INFO] [01-Check-containerd-gpu(main):83]	OK: 已安装 nvidia-container-toolkit
[2026-02-06 12:11:25] [INFO] [01-Check-containerd-gpu(main):83]	OK: 已安装 nvidia-container-toolkit-base
[2026-02-06 12:11:25] [INFO] [01-Check-containerd-gpu(main):83]	OK: 已安装 libnvidia-container1
[2026-02-06 12:11:25] [INFO] [01-Check-containerd-gpu(main):83]	OK: 已安装 libnvidia-container-tools
[2026-02-06 12:11:25] [INFO] [01-Check-containerd-gpu(main):93]	OK: nvidia-ctk 已存在
[2026-02-06 12:11:25] [INFO] [01-Check-containerd-gpu(main):115]	检查 2/3：runtime_type 是否为 io.containerd.runc.v2
[2026-02-06 12:11:25] [INFO] [01-Check-containerd-gpu(main):128]	OK: runtime_type=io.containerd.runc.v2
[2026-02-06 12:11:25] [INFO] [01-Check-containerd-gpu(main):140]	检查 3/3：default_runtime_name 是否为 nvidia
[2026-02-06 12:11:25] [INFO] [01-Check-containerd-gpu(main):156]	OK: default_runtime_name=nvidia
[2026-02-06 12:11:25] [INFO] [01-Check-containerd-gpu(main):168]	附加检查：Kubernetes 里 GPU 是否可用（nvidia.com/gpu 是否出现在 Node 上）
你可以手动执行（示例）：
  kubectl describe node <nodeName> | grep -A10 "Allocated resources"
  kubectl get node <nodeName> -o jsonpath='{.status.capacity.nvidia\.com/gpu}{" "}{.status.allocatable.nvidia\.com/gpu}{"\n"}'
  kubectl get pods -A | grep -i nvidia
[2026-02-06 12:11:26] [WARN] [01-Check-containerd-gpu(main):194]	Node real-341 未发现 nvidia.com/gpu（device-plugin 可能未生效/驱动未就绪/需重启 kubelet）
解决方案建议：
- 确认已执行：sudo bash /root/lwj/k8s-deploy/Script/20-Deploy-nvidia.sh
- 确认 device-plugin Pod 处于 Running
- 如已安装驱动/模块但资源仍不出现，可尝试重启 kubelet：
  sudo systemctl restart kubelet
Allocated resources:
  (Total limits may be over 100 percent, i.e., overcommitted.)
  Resource           Requests    Limits
  --------           --------    ------
  cpu                1280m (1%)  0 (0%)
  memory             380Mi (0%)  340Mi (0%)
  ephemeral-storage  0 (0%)      0 (0%)
  hugepages-1Gi      0 (0%)      0 (0%)
  hugepages-2Mi      0 (0%)      0 (0%)
Events:              <none>
[2026-02-06 12:11:26] [INFO] [01-Check-containerd-gpu(main):216]	检查完成
[2026-02-06 12:14:16] [INFO] [01-Check-containerd-gpu(init_logging):53]	-------------------脚本开始执行----------------------
[2026-02-06 12:14:16] [INFO] [01-Check-containerd-gpu(main):63]	OS: ubuntu 22.04
[2026-02-06 12:14:16] [INFO] [01-Check-containerd-gpu(main):70]	检测到 GPU 节点，开始检查 containerd/NVIDIA 运行时配置
[2026-02-06 12:14:16] [INFO] [01-Check-containerd-gpu(main):73]	检查 1/3：NVIDIA container toolkit 相关包是否已安装
[2026-02-06 12:14:16] [INFO] [01-Check-containerd-gpu(main):83]	OK: 已安装 nvidia-container-toolkit
[2026-02-06 12:14:16] [INFO] [01-Check-containerd-gpu(main):83]	OK: 已安装 nvidia-container-toolkit-base
[2026-02-06 12:14:16] [INFO] [01-Check-containerd-gpu(main):83]	OK: 已安装 libnvidia-container1
[2026-02-06 12:14:16] [INFO] [01-Check-containerd-gpu(main):83]	OK: 已安装 libnvidia-container-tools
[2026-02-06 12:14:16] [INFO] [01-Check-containerd-gpu(main):93]	OK: nvidia-ctk 已存在
[2026-02-06 12:14:16] [INFO] [01-Check-containerd-gpu(main):115]	检查 2/3：runtime_type 是否为 io.containerd.runc.v2
[2026-02-06 12:14:16] [INFO] [01-Check-containerd-gpu(main):128]	OK: runtime_type=io.containerd.runc.v2
[2026-02-06 12:14:16] [INFO] [01-Check-containerd-gpu(main):140]	检查 3/3：default_runtime_name 是否为 nvidia
[2026-02-06 12:14:16] [INFO] [01-Check-containerd-gpu(main):156]	OK: default_runtime_name=nvidia
[2026-02-06 12:14:16] [INFO] [01-Check-containerd-gpu(main):168]	附加检查：Kubernetes 里 GPU 是否可用（nvidia.com/gpu 是否出现在 Node 上）
你可以手动执行（示例）：
  kubectl describe node <nodeName> | grep -A10 "Allocated resources"
  kubectl get node <nodeName> -o jsonpath='{.status.capacity.nvidia\.com/gpu}{" "}{.status.allocatable.nvidia\.com/gpu}{"\n"}'
  kubectl get pods -A | grep -i nvidia
[2026-02-06 12:14:17] [WARN] [01-Check-containerd-gpu(main):194]	Node real-341 未发现 nvidia.com/gpu（device-plugin 可能未生效/驱动未就绪/需重启 kubelet）
解决方案建议：
- 确认已执行：sudo bash /root/lwj/k8s-deploy/Script/20-Deploy-nvidia.sh
- 确认 device-plugin Pod 处于 Running
- 如已安装驱动/模块但资源仍不出现，可尝试重启 kubelet：
  sudo systemctl restart kubelet
Allocated resources:
  (Total limits may be over 100 percent, i.e., overcommitted.)
  Resource           Requests    Limits
  --------           --------    ------
  cpu                1280m (1%)  0 (0%)
  memory             380Mi (0%)  340Mi (0%)
  ephemeral-storage  0 (0%)      0 (0%)
  hugepages-1Gi      0 (0%)      0 (0%)
  hugepages-2Mi      0 (0%)      0 (0%)
Events:              <none>
[2026-02-06 12:14:17] [INFO] [01-Check-containerd-gpu(main):216]	检查完成
[2026-02-06 13:16:53] [INFO] [01-Check-containerd-gpu(init_logging):53]	-------------------脚本开始执行----------------------
[2026-02-06 13:16:53] [INFO] [01-Check-containerd-gpu(main):63]	OS: ubuntu 22.04
[2026-02-06 13:16:53] [INFO] [01-Check-containerd-gpu(main):70]	检测到 GPU 节点，开始检查 containerd/NVIDIA 运行时配置
[2026-02-06 13:16:53] [INFO] [01-Check-containerd-gpu(main):73]	检查 1/3：NVIDIA container toolkit 相关包是否已安装
[2026-02-06 13:16:53] [INFO] [01-Check-containerd-gpu(main):83]	OK: 已安装 nvidia-container-toolkit
[2026-02-06 13:16:53] [INFO] [01-Check-containerd-gpu(main):83]	OK: 已安装 nvidia-container-toolkit-base
[2026-02-06 13:16:53] [INFO] [01-Check-containerd-gpu(main):83]	OK: 已安装 libnvidia-container1
[2026-02-06 13:16:53] [INFO] [01-Check-containerd-gpu(main):83]	OK: 已安装 libnvidia-container-tools
[2026-02-06 13:16:53] [INFO] [01-Check-containerd-gpu(main):93]	OK: nvidia-ctk 已存在
[2026-02-06 13:16:53] [INFO] [01-Check-containerd-gpu(main):115]	检查 2/3：runtime_type 是否为 io.containerd.runc.v2
[2026-02-06 13:16:53] [INFO] [01-Check-containerd-gpu(main):128]	OK: runtime_type=io.containerd.runc.v2
[2026-02-06 13:16:53] [INFO] [01-Check-containerd-gpu(main):140]	检查 3/3：default_runtime_name 是否为 nvidia
[2026-02-06 13:16:53] [INFO] [01-Check-containerd-gpu(main):156]	OK: default_runtime_name=nvidia
[2026-02-06 13:16:53] [INFO] [01-Check-containerd-gpu(main):168]	附加检查：Kubernetes 里 GPU 是否可用（nvidia.com/gpu 是否出现在 Node 上）
你可以手动执行（示例）：
  kubectl describe node <nodeName> | grep -A10 "Allocated resources"
  kubectl get node <nodeName> -o jsonpath='{.status.capacity.nvidia\.com/gpu}{" "}{.status.allocatable.nvidia\.com/gpu}{"\n"}'
  kubectl get pods -A | grep -i nvidia
[2026-02-06 13:16:54] [WARN] [01-Check-containerd-gpu(main):194]	Node real-341 未发现 nvidia.com/gpu（device-plugin 可能未生效/驱动未就绪/需重启 kubelet）
解决方案建议：
- 确认已执行：sudo bash /root/lwj/k8s-deploy/Script/20-Deploy-nvidia.sh
- 确认 device-plugin Pod 处于 Running
- 如已安装驱动/模块但资源仍不出现，可尝试重启 kubelet：
  sudo systemctl restart kubelet
Allocated resources:
  (Total limits may be over 100 percent, i.e., overcommitted.)
  Resource           Requests    Limits
  --------           --------    ------
  cpu                1280m (1%)  0 (0%)
  memory             380Mi (0%)  340Mi (0%)
  ephemeral-storage  0 (0%)      0 (0%)
  hugepages-1Gi      0 (0%)      0 (0%)
  hugepages-2Mi      0 (0%)      0 (0%)
Events:              <none>
[2026-02-06 13:16:54] [INFO] [01-Check-containerd-gpu(main):217]	device-plugin DS: desiredNumberScheduled=0 nodeSelector={"nvidia.com/gpu.present":"true"}}
[2026-02-06 13:16:54] [WARN] [01-Check-containerd-gpu(main):222]	device-plugin 未创建 Pod：节点缺少 label nvidia.com/gpu.present=true（DS nodeSelector 要求）
解决方案建议：
- 给 GPU 节点打标签（示例）：
  kubectl label node real-341 nvidia.com/gpu.present=true --overwrite
- 然后再观察：
  kubectl -n kube-system get ds nvidia-device-plugin-daemonset
  kubectl -n kube-system get pods -l name=nvidia-device-plugin -o wide
[2026-02-06 13:16:54] [INFO] [01-Check-containerd-gpu(main):238]	检查完成
[2026-02-06 13:19:20] [INFO] [01-Check-containerd-gpu(init_logging):53]	-------------------脚本开始执行----------------------
[2026-02-06 13:19:20] [INFO] [01-Check-containerd-gpu(main):63]	OS: ubuntu 22.04
[2026-02-06 13:19:20] [INFO] [01-Check-containerd-gpu(main):70]	检测到 GPU 节点，开始检查 containerd/NVIDIA 运行时配置
[2026-02-06 13:19:20] [INFO] [01-Check-containerd-gpu(main):73]	检查 1/3：NVIDIA container toolkit 相关包是否已安装
[2026-02-06 13:19:20] [INFO] [01-Check-containerd-gpu(main):83]	OK: 已安装 nvidia-container-toolkit
[2026-02-06 13:19:20] [INFO] [01-Check-containerd-gpu(main):83]	OK: 已安装 nvidia-container-toolkit-base
[2026-02-06 13:19:20] [INFO] [01-Check-containerd-gpu(main):83]	OK: 已安装 libnvidia-container1
[2026-02-06 13:19:20] [INFO] [01-Check-containerd-gpu(main):83]	OK: 已安装 libnvidia-container-tools
[2026-02-06 13:19:20] [INFO] [01-Check-containerd-gpu(main):93]	OK: nvidia-ctk 已存在
[2026-02-06 13:19:20] [INFO] [01-Check-containerd-gpu(main):115]	检查 2/3：runtime_type 是否为 io.containerd.runc.v2
[2026-02-06 13:19:20] [INFO] [01-Check-containerd-gpu(main):128]	OK: runtime_type=io.containerd.runc.v2
[2026-02-06 13:19:20] [INFO] [01-Check-containerd-gpu(main):140]	检查 3/3：default_runtime_name 是否为 nvidia
[2026-02-06 13:19:20] [INFO] [01-Check-containerd-gpu(main):156]	OK: default_runtime_name=nvidia
[2026-02-06 13:19:20] [INFO] [01-Check-containerd-gpu(main):168]	附加检查：Kubernetes 里 GPU 是否可用（nvidia.com/gpu 是否出现在 Node 上）
你可以手动执行（示例）：
  kubectl describe node <nodeName> | grep -A10 "Allocated resources"
  kubectl get node <nodeName> -o jsonpath='{.status.capacity.nvidia\.com/gpu}{" "}{.status.allocatable.nvidia\.com/gpu}{"\n"}'
  kubectl get pods -A | grep -i nvidia
[2026-02-06 13:19:20] [INFO] [01-Check-containerd-gpu(main):192]	Node real-341 nvidia.com/gpu capacity=8 allocatable=8
Allocated resources:
  (Total limits may be over 100 percent, i.e., overcommitted.)
  Resource           Requests    Limits
  --------           --------    ------
  cpu                1380m (1%)  100m (0%)
  memory             480Mi (0%)  440Mi (0%)
  ephemeral-storage  0 (0%)      0 (0%)
  hugepages-1Gi      0 (0%)      0 (0%)
  hugepages-2Mi      0 (0%)      0 (0%)
  nvidia.com/gpu     0           0
Events:              <none>
kube-system          nvidia-device-plugin-daemonset-hd24p                              1/1     Running     0          58s
[2026-02-06 13:19:21] [INFO] [01-Check-containerd-gpu(main):217]	device-plugin DS: desiredNumberScheduled=1 nodeSelector={"nvidia.com/gpu.present":"true"}}
[2026-02-06 13:19:21] [INFO] [01-Check-containerd-gpu(main):238]	检查完成
[2026-02-06 13:27:01] [INFO] [01-Check-containerd-gpu(init_logging):53]	-------------------脚本开始执行----------------------
[2026-02-06 13:27:01] [INFO] [01-Check-containerd-gpu(main):289]	OS: ubuntu 22.04
[2026-02-06 13:27:01] [INFO] [01-Check-containerd-gpu(main):296]	检测到 GPU 节点，开始检查 containerd/NVIDIA 运行时配置
[2026-02-06 13:27:01] [INFO] [01-Check-containerd-gpu(check_1_toolkit_packages):103]	检查 1/6：NVIDIA container toolkit 相关包是否已安装
[2026-02-06 13:27:01] [INFO] [01-Check-containerd-gpu(check_1_toolkit_packages):114]	OK: 已安装 nvidia-container-toolkit
[2026-02-06 13:27:01] [INFO] [01-Check-containerd-gpu(check_1_toolkit_packages):114]	OK: 已安装 nvidia-container-toolkit-base
[2026-02-06 13:27:01] [INFO] [01-Check-containerd-gpu(check_1_toolkit_packages):114]	OK: 已安装 libnvidia-container1
[2026-02-06 13:27:01] [INFO] [01-Check-containerd-gpu(check_1_toolkit_packages):114]	OK: 已安装 libnvidia-container-tools
[2026-02-06 13:27:01] [INFO] [01-Check-containerd-gpu(check_1_toolkit_packages):124]	OK: nvidia-ctk 已存在
[2026-02-06 13:27:01] [INFO] [01-Check-containerd-gpu(check_2_containerd_config):138]	检查 2/6：containerd 配置文件是否存在
[2026-02-06 13:27:01] [INFO] [01-Check-containerd-gpu(check_2_containerd_config):147]	OK: /etc/containerd/config.toml
[2026-02-06 13:27:01] [INFO] [01-Check-containerd-gpu(check_3_runtime_type):153]	检查 3/6：runtime_type 是否为 io.containerd.runc.v2
[2026-02-06 13:27:01] [INFO] [01-Check-containerd-gpu(check_3_runtime_type):166]	OK: runtime_type=io.containerd.runc.v2
[2026-02-06 13:27:01] [INFO] [01-Check-containerd-gpu(check_4_default_runtime_name):181]	检查 4/6：default_runtime_name 是否为 nvidia
[2026-02-06 13:27:01] [INFO] [01-Check-containerd-gpu(check_4_default_runtime_name):197]	OK: default_runtime_name=nvidia
[2026-02-06 13:27:01] [INFO] [01-Check-containerd-gpu(check_5_k8s_gpu_resource):212]	检查 5/6：Kubernetes 层面（nvidia.com/gpu 是否出现在 Node 上）
你可以手动执行（示例）：
  kubectl describe node <nodeName> | grep -A10 "Allocated resources"
  kubectl get node <nodeName> -o jsonpath='{.status.capacity.nvidia\.com/gpu}{" "}{.status.allocatable.nvidia\.com/gpu}{"\n"}'
  kubectl get pods -A | grep -i nvidia
[2026-02-06 13:27:01] [INFO] [01-Check-containerd-gpu(check_5_k8s_gpu_resource):236]	Node real-341 nvidia.com/gpu capacity=8 allocatable=8
Allocated resources:
  (Total limits may be over 100 percent, i.e., overcommitted.)
  Resource           Requests    Limits
  --------           --------    ------
  cpu                1380m (1%)  100m (0%)
  memory             480Mi (0%)  440Mi (0%)
  ephemeral-storage  0 (0%)      0 (0%)
  hugepages-1Gi      0 (0%)      0 (0%)
  hugepages-2Mi      0 (0%)      0 (0%)
  nvidia.com/gpu     0           0
Events:              <none>
kube-system          nvidia-device-plugin-daemonset-hd24p                              1/1     Running     0          8m39s
[2026-02-06 13:27:02] [INFO] [01-Check-containerd-gpu(check_6_device_plugin_ds_constraints):258]	检查 6/6：device-plugin DaemonSet 调度约束（nodeSelector/desiredNumberScheduled）
[2026-02-06 13:27:02] [INFO] [01-Check-containerd-gpu(check_6_device_plugin_ds_constraints):270]	device-plugin DS: desiredNumberScheduled=1 nodeSelector={"nvidia.com/gpu.present":"true"}}
[2026-02-06 13:27:02] [INFO] [01-Check-containerd-gpu(main):305]	检查完成
[2026-02-06 13:27:16] [INFO] [01-Check-containerd-gpu(init_logging):53]	-------------------脚本开始执行----------------------
[2026-02-06 13:27:16] [INFO] [01-Check-containerd-gpu(main):289]	OS: ubuntu 22.04
[2026-02-06 13:27:16] [INFO] [01-Check-containerd-gpu(main):296]	检测到 GPU 节点，开始检查 containerd/NVIDIA 运行时配置
[2026-02-06 13:27:16] [INFO] [01-Check-containerd-gpu(check_1_toolkit_packages):103]	检查 1/6：NVIDIA container toolkit 相关包是否已安装
[2026-02-06 13:27:16] [INFO] [01-Check-containerd-gpu(check_1_toolkit_packages):114]	OK: 已安装 nvidia-container-toolkit
[2026-02-06 13:27:16] [INFO] [01-Check-containerd-gpu(check_1_toolkit_packages):114]	OK: 已安装 nvidia-container-toolkit-base
[2026-02-06 13:27:16] [INFO] [01-Check-containerd-gpu(check_1_toolkit_packages):114]	OK: 已安装 libnvidia-container1
[2026-02-06 13:27:16] [INFO] [01-Check-containerd-gpu(check_1_toolkit_packages):114]	OK: 已安装 libnvidia-container-tools
[2026-02-06 13:27:16] [INFO] [01-Check-containerd-gpu(check_1_toolkit_packages):124]	OK: nvidia-ctk 已存在
[2026-02-06 13:27:16] [INFO] [01-Check-containerd-gpu(check_2_containerd_config):138]	检查 2/6：containerd 配置文件是否存在
[2026-02-06 13:27:16] [INFO] [01-Check-containerd-gpu(check_2_containerd_config):147]	OK: /etc/containerd/config.toml
[2026-02-06 13:27:16] [INFO] [01-Check-containerd-gpu(check_3_runtime_type):153]	检查 3/6：runtime_type 是否为 io.containerd.runc.v2
[2026-02-06 13:27:16] [INFO] [01-Check-containerd-gpu(check_3_runtime_type):166]	OK: runtime_type=io.containerd.runc.v2
[2026-02-06 13:27:16] [INFO] [01-Check-containerd-gpu(check_4_default_runtime_name):181]	检查 4/6：default_runtime_name 是否为 nvidia
[2026-02-06 13:27:16] [INFO] [01-Check-containerd-gpu(check_4_default_runtime_name):197]	OK: default_runtime_name=nvidia
[2026-02-06 13:27:16] [INFO] [01-Check-containerd-gpu(check_5_k8s_gpu_resource):212]	检查 5/6：Kubernetes 层面（nvidia.com/gpu 是否出现在 Node 上）
你可以手动执行（示例）：
  kubectl describe node <nodeName> | grep -A10 "Allocated resources"
  kubectl get node <nodeName> -o jsonpath='{.status.capacity.nvidia\.com/gpu}{" "}{.status.allocatable.nvidia\.com/gpu}{"\n"}'
  kubectl get pods -A | grep -i nvidia
[2026-02-06 13:27:17] [INFO] [01-Check-containerd-gpu(check_5_k8s_gpu_resource):236]	Node real-341 nvidia.com/gpu capacity=8 allocatable=8
Allocated resources:
  (Total limits may be over 100 percent, i.e., overcommitted.)
  Resource           Requests    Limits
  --------           --------    ------
  cpu                1380m (1%)  100m (0%)
  memory             480Mi (0%)  440Mi (0%)
  ephemeral-storage  0 (0%)      0 (0%)
  hugepages-1Gi      0 (0%)      0 (0%)
  hugepages-2Mi      0 (0%)      0 (0%)
  nvidia.com/gpu     0           0
Events:              <none>
kube-system          nvidia-device-plugin-daemonset-hd24p                              1/1     Running     0          8m54s
[2026-02-06 13:27:17] [INFO] [01-Check-containerd-gpu(check_6_device_plugin_ds_constraints):258]	检查 6/6：device-plugin DaemonSet 调度约束（nodeSelector/desiredNumberScheduled）
[2026-02-06 13:27:17] [INFO] [01-Check-containerd-gpu(check_6_device_plugin_ds_constraints):270]	device-plugin DS: desiredNumberScheduled=1 nodeSelector={"nvidia.com/gpu.present":"true"}}
[2026-02-06 13:27:17] [INFO] [01-Check-containerd-gpu(main):305]	检查完成
[2026-02-09 10:34:50] [INFO] [01-Check-containerd-gpu(init_logging):53]	-------------------脚本开始执行----------------------
[2026-02-09 10:34:50] [INFO] [01-Check-containerd-gpu(main):289]	OS: ubuntu 22.04
[2026-02-09 10:34:50] [INFO] [01-Check-containerd-gpu(main):296]	检测到 GPU 节点，开始检查 containerd/NVIDIA 运行时配置
[2026-02-09 10:34:50] [INFO] [01-Check-containerd-gpu(check_1_toolkit_packages):103]	检查 1/6：NVIDIA container toolkit 相关包是否已安装
[2026-02-09 10:34:50] [INFO] [01-Check-containerd-gpu(check_1_toolkit_packages):114]	OK: 已安装 nvidia-container-toolkit
[2026-02-09 10:34:50] [INFO] [01-Check-containerd-gpu(check_1_toolkit_packages):114]	OK: 已安装 nvidia-container-toolkit-base
[2026-02-09 10:34:50] [INFO] [01-Check-containerd-gpu(check_1_toolkit_packages):114]	OK: 已安装 libnvidia-container1
[2026-02-09 10:34:50] [INFO] [01-Check-containerd-gpu(check_1_toolkit_packages):114]	OK: 已安装 libnvidia-container-tools
[2026-02-09 10:34:50] [INFO] [01-Check-containerd-gpu(check_1_toolkit_packages):124]	OK: nvidia-ctk 已存在
[2026-02-09 10:34:50] [INFO] [01-Check-containerd-gpu(check_2_containerd_config):138]	检查 2/6：containerd 配置文件是否存在
[2026-02-09 10:34:50] [INFO] [01-Check-containerd-gpu(check_2_containerd_config):147]	OK: /etc/containerd/config.toml
[2026-02-09 10:34:50] [INFO] [01-Check-containerd-gpu(check_3_runtime_type):153]	检查 3/6：runtime_type 是否为 io.containerd.runc.v2
[2026-02-09 10:34:50] [INFO] [01-Check-containerd-gpu(check_3_runtime_type):166]	OK: runtime_type=io.containerd.runc.v2
[2026-02-09 10:34:50] [INFO] [01-Check-containerd-gpu(check_4_default_runtime_name):181]	检查 4/6：default_runtime_name 是否为 nvidia
[2026-02-09 10:34:50] [WARN] [01-Check-containerd-gpu(check_4_default_runtime_name):199]	NOT-OK: default_runtime_name=runc（期望 nvidia）
解决方案建议（按你的策略：GPU 节点默认 runtime = nvidia）：
- 修改 /etc/containerd/config.toml：
  将 default_runtime_name 改为 "nvidia"
- 然后重启：sudo systemctl restart containerd
[2026-02-09 10:34:50] [INFO] [01-Check-containerd-gpu(check_5_k8s_gpu_resource):212]	检查 5/6：Kubernetes 层面（nvidia.com/gpu 是否出现在 Node 上）
你可以手动执行（示例）：
  kubectl describe node <nodeName> | grep -A10 "Allocated resources"
  kubectl get node <nodeName> -o jsonpath='{.status.capacity.nvidia\.com/gpu}{" "}{.status.allocatable.nvidia\.com/gpu}{"\n"}'
  kubectl get pods -A | grep -i nvidia
[2026-02-09 10:34:50] [WARN] [01-Check-containerd-gpu(check_5_k8s_gpu_resource):238]	Node real-341 未发现 nvidia.com/gpu（device-plugin 可能未生效/驱动未就绪/需重启 kubelet）
解决方案建议：
- 确认已执行：sudo bash /root/lwj/k8s-deploy/Script/20-Deploy-nvidia.sh
- 确认 device-plugin Pod 处于 Running
- 如已安装驱动/模块但资源仍不出现，可尝试重启 kubelet：
  sudo systemctl restart kubelet
Allocated resources:
  (Total limits may be over 100 percent, i.e., overcommitted.)
  Resource           Requests    Limits
  --------           --------    ------
  cpu                1380m (1%)  100m (0%)
  memory             480Mi (0%)  440Mi (0%)
  ephemeral-storage  0 (0%)      0 (0%)
  hugepages-1Gi      0 (0%)      0 (0%)
  hugepages-2Mi      0 (0%)      0 (0%)
Events:              <none>
kube-system          nvidia-device-plugin-daemonset-w7kbm                              1/1     Running     0          2m4s
[2026-02-09 10:34:50] [INFO] [01-Check-containerd-gpu(check_6_device_plugin_ds_constraints):258]	检查 6/6：device-plugin DaemonSet 调度约束（nodeSelector/desiredNumberScheduled）
[2026-02-09 10:34:51] [INFO] [01-Check-containerd-gpu(check_6_device_plugin_ds_constraints):270]	device-plugin DS: desiredNumberScheduled=1 nodeSelector={"nvidia.com/gpu.present":"true"}}
[2026-02-09 10:34:51] [INFO] [01-Check-containerd-gpu(main):305]	检查完成
[2026-02-09 10:36:47] [INFO] [01-Check-containerd-gpu(init_logging):53]	-------------------脚本开始执行----------------------
[2026-02-09 10:36:47] [INFO] [01-Check-containerd-gpu(main):289]	OS: ubuntu 22.04
[2026-02-09 10:36:47] [INFO] [01-Check-containerd-gpu(main):296]	检测到 GPU 节点，开始检查 containerd/NVIDIA 运行时配置
[2026-02-09 10:36:47] [INFO] [01-Check-containerd-gpu(check_1_toolkit_packages):103]	检查 1/6：NVIDIA container toolkit 相关包是否已安装
[2026-02-09 10:36:47] [INFO] [01-Check-containerd-gpu(check_1_toolkit_packages):114]	OK: 已安装 nvidia-container-toolkit
[2026-02-09 10:36:47] [INFO] [01-Check-containerd-gpu(check_1_toolkit_packages):114]	OK: 已安装 nvidia-container-toolkit-base
[2026-02-09 10:36:47] [INFO] [01-Check-containerd-gpu(check_1_toolkit_packages):114]	OK: 已安装 libnvidia-container1
[2026-02-09 10:36:47] [INFO] [01-Check-containerd-gpu(check_1_toolkit_packages):114]	OK: 已安装 libnvidia-container-tools
[2026-02-09 10:36:47] [INFO] [01-Check-containerd-gpu(check_1_toolkit_packages):124]	OK: nvidia-ctk 已存在
[2026-02-09 10:36:47] [INFO] [01-Check-containerd-gpu(check_2_containerd_config):138]	检查 2/6：containerd 配置文件是否存在
[2026-02-09 10:36:47] [INFO] [01-Check-containerd-gpu(check_2_containerd_config):147]	OK: /etc/containerd/config.toml
[2026-02-09 10:36:47] [INFO] [01-Check-containerd-gpu(check_3_runtime_type):153]	检查 3/6：runtime_type 是否为 io.containerd.runc.v2
[2026-02-09 10:36:47] [INFO] [01-Check-containerd-gpu(check_3_runtime_type):166]	OK: runtime_type=io.containerd.runc.v2
[2026-02-09 10:36:47] [INFO] [01-Check-containerd-gpu(check_4_default_runtime_name):181]	检查 4/6：default_runtime_name 是否为 nvidia
[2026-02-09 10:36:47] [INFO] [01-Check-containerd-gpu(check_4_default_runtime_name):197]	OK: default_runtime_name=nvidia
[2026-02-09 10:36:47] [INFO] [01-Check-containerd-gpu(check_5_k8s_gpu_resource):212]	检查 5/6：Kubernetes 层面（nvidia.com/gpu 是否出现在 Node 上）
你可以手动执行（示例）：
  kubectl describe node <nodeName> | grep -A10 "Allocated resources"
  kubectl get node <nodeName> -o jsonpath='{.status.capacity.nvidia\.com/gpu}{" "}{.status.allocatable.nvidia\.com/gpu}{"\n"}'
  kubectl get pods -A | grep -i nvidia
[2026-02-09 10:36:47] [WARN] [01-Check-containerd-gpu(check_5_k8s_gpu_resource):238]	Node real-341 未发现 nvidia.com/gpu（device-plugin 可能未生效/驱动未就绪/需重启 kubelet）
解决方案建议：
- 确认已执行：sudo bash /root/lwj/k8s-deploy/Script/20-Deploy-nvidia.sh
- 确认 device-plugin Pod 处于 Running
- 如已安装驱动/模块但资源仍不出现，可尝试重启 kubelet：
  sudo systemctl restart kubelet
Allocated resources:
  (Total limits may be over 100 percent, i.e., overcommitted.)
  Resource           Requests    Limits
  --------           --------    ------
  cpu                1380m (1%)  100m (0%)
  memory             480Mi (0%)  440Mi (0%)
  ephemeral-storage  0 (0%)      0 (0%)
  hugepages-1Gi      0 (0%)      0 (0%)
  hugepages-2Mi      0 (0%)      0 (0%)
Events:              <none>
kube-system          nvidia-device-plugin-daemonset-w7kbm                              1/1     Running     0          4m1s
[2026-02-09 10:36:47] [INFO] [01-Check-containerd-gpu(check_6_device_plugin_ds_constraints):258]	检查 6/6：device-plugin DaemonSet 调度约束（nodeSelector/desiredNumberScheduled）
[2026-02-09 10:36:47] [INFO] [01-Check-containerd-gpu(check_6_device_plugin_ds_constraints):270]	device-plugin DS: desiredNumberScheduled=1 nodeSelector={"nvidia.com/gpu.present":"true"}}
[2026-02-09 10:36:47] [INFO] [01-Check-containerd-gpu(main):305]	检查完成
[2026-02-09 10:38:18] [INFO] [01-Check-containerd-gpu(init_logging):53]	-------------------脚本开始执行----------------------
[2026-02-09 10:38:18] [INFO] [01-Check-containerd-gpu(main):289]	OS: ubuntu 22.04
[2026-02-09 10:38:18] [INFO] [01-Check-containerd-gpu(main):296]	检测到 GPU 节点，开始检查 containerd/NVIDIA 运行时配置
[2026-02-09 10:38:18] [INFO] [01-Check-containerd-gpu(check_1_toolkit_packages):103]	检查 1/6：NVIDIA container toolkit 相关包是否已安装
[2026-02-09 10:38:18] [INFO] [01-Check-containerd-gpu(check_1_toolkit_packages):114]	OK: 已安装 nvidia-container-toolkit
[2026-02-09 10:38:18] [INFO] [01-Check-containerd-gpu(check_1_toolkit_packages):114]	OK: 已安装 nvidia-container-toolkit-base
[2026-02-09 10:38:18] [INFO] [01-Check-containerd-gpu(check_1_toolkit_packages):114]	OK: 已安装 libnvidia-container1
[2026-02-09 10:38:18] [INFO] [01-Check-containerd-gpu(check_1_toolkit_packages):114]	OK: 已安装 libnvidia-container-tools
[2026-02-09 10:38:18] [INFO] [01-Check-containerd-gpu(check_1_toolkit_packages):124]	OK: nvidia-ctk 已存在
[2026-02-09 10:38:18] [INFO] [01-Check-containerd-gpu(check_2_containerd_config):138]	检查 2/6：containerd 配置文件是否存在
[2026-02-09 10:38:18] [INFO] [01-Check-containerd-gpu(check_2_containerd_config):147]	OK: /etc/containerd/config.toml
[2026-02-09 10:38:18] [INFO] [01-Check-containerd-gpu(check_3_runtime_type):153]	检查 3/6：runtime_type 是否为 io.containerd.runc.v2
[2026-02-09 10:38:18] [INFO] [01-Check-containerd-gpu(check_3_runtime_type):166]	OK: runtime_type=io.containerd.runc.v2
[2026-02-09 10:38:18] [INFO] [01-Check-containerd-gpu(check_4_default_runtime_name):181]	检查 4/6：default_runtime_name 是否为 nvidia
[2026-02-09 10:38:18] [INFO] [01-Check-containerd-gpu(check_4_default_runtime_name):197]	OK: default_runtime_name=nvidia
[2026-02-09 10:38:18] [INFO] [01-Check-containerd-gpu(check_5_k8s_gpu_resource):212]	检查 5/6：Kubernetes 层面（nvidia.com/gpu 是否出现在 Node 上）
你可以手动执行（示例）：
  kubectl describe node <nodeName> | grep -A10 "Allocated resources"
  kubectl get node <nodeName> -o jsonpath='{.status.capacity.nvidia\.com/gpu}{" "}{.status.allocatable.nvidia\.com/gpu}{"\n"}'
  kubectl get pods -A | grep -i nvidia
[2026-02-09 10:38:18] [WARN] [01-Check-containerd-gpu(check_5_k8s_gpu_resource):238]	Node real-341 未发现 nvidia.com/gpu（device-plugin 可能未生效/驱动未就绪/需重启 kubelet）
解决方案建议：
- 确认已执行：sudo bash /root/lwj/k8s-deploy/Script/20-Deploy-nvidia.sh
- 确认 device-plugin Pod 处于 Running
- 如已安装驱动/模块但资源仍不出现，可尝试重启 kubelet：
  sudo systemctl restart kubelet
Allocated resources:
  (Total limits may be over 100 percent, i.e., overcommitted.)
  Resource           Requests    Limits
  --------           --------    ------
  cpu                1380m (1%)  100m (0%)
  memory             480Mi (0%)  440Mi (0%)
  ephemeral-storage  0 (0%)      0 (0%)
  hugepages-1Gi      0 (0%)      0 (0%)
  hugepages-2Mi      0 (0%)      0 (0%)
Events:              <none>
kube-system          nvidia-device-plugin-daemonset-w7kbm                              1/1     Running     0          5m32s
[2026-02-09 10:38:18] [INFO] [01-Check-containerd-gpu(check_6_device_plugin_ds_constraints):258]	检查 6/6：device-plugin DaemonSet 调度约束（nodeSelector/desiredNumberScheduled）
[2026-02-09 10:38:19] [INFO] [01-Check-containerd-gpu(check_6_device_plugin_ds_constraints):270]	device-plugin DS: desiredNumberScheduled=1 nodeSelector={"nvidia.com/gpu.present":"true"}}
[2026-02-09 10:38:19] [INFO] [01-Check-containerd-gpu(main):305]	检查完成
[2026-02-09 10:38:35] [INFO] [01-Check-containerd-gpu(init_logging):53]	-------------------脚本开始执行----------------------
[2026-02-09 10:38:35] [INFO] [01-Check-containerd-gpu(main):289]	OS: ubuntu 22.04
[2026-02-09 10:38:35] [INFO] [01-Check-containerd-gpu(main):296]	检测到 GPU 节点，开始检查 containerd/NVIDIA 运行时配置
[2026-02-09 10:38:35] [INFO] [01-Check-containerd-gpu(check_1_toolkit_packages):103]	检查 1/6：NVIDIA container toolkit 相关包是否已安装
[2026-02-09 10:38:35] [INFO] [01-Check-containerd-gpu(check_1_toolkit_packages):114]	OK: 已安装 nvidia-container-toolkit
[2026-02-09 10:38:35] [INFO] [01-Check-containerd-gpu(check_1_toolkit_packages):114]	OK: 已安装 nvidia-container-toolkit-base
[2026-02-09 10:38:35] [INFO] [01-Check-containerd-gpu(check_1_toolkit_packages):114]	OK: 已安装 libnvidia-container1
[2026-02-09 10:38:35] [INFO] [01-Check-containerd-gpu(check_1_toolkit_packages):114]	OK: 已安装 libnvidia-container-tools
[2026-02-09 10:38:35] [INFO] [01-Check-containerd-gpu(check_1_toolkit_packages):124]	OK: nvidia-ctk 已存在
[2026-02-09 10:38:35] [INFO] [01-Check-containerd-gpu(check_2_containerd_config):138]	检查 2/6：containerd 配置文件是否存在
[2026-02-09 10:38:35] [INFO] [01-Check-containerd-gpu(check_2_containerd_config):147]	OK: /etc/containerd/config.toml
[2026-02-09 10:38:35] [INFO] [01-Check-containerd-gpu(check_3_runtime_type):153]	检查 3/6：runtime_type 是否为 io.containerd.runc.v2
[2026-02-09 10:38:35] [INFO] [01-Check-containerd-gpu(check_3_runtime_type):166]	OK: runtime_type=io.containerd.runc.v2
[2026-02-09 10:38:35] [INFO] [01-Check-containerd-gpu(check_4_default_runtime_name):181]	检查 4/6：default_runtime_name 是否为 nvidia
[2026-02-09 10:38:35] [INFO] [01-Check-containerd-gpu(check_4_default_runtime_name):197]	OK: default_runtime_name=nvidia
[2026-02-09 10:38:35] [INFO] [01-Check-containerd-gpu(check_5_k8s_gpu_resource):212]	检查 5/6：Kubernetes 层面（nvidia.com/gpu 是否出现在 Node 上）
你可以手动执行（示例）：
  kubectl describe node <nodeName> | grep -A10 "Allocated resources"
  kubectl get node <nodeName> -o jsonpath='{.status.capacity.nvidia\.com/gpu}{" "}{.status.allocatable.nvidia\.com/gpu}{"\n"}'
  kubectl get pods -A | grep -i nvidia
[2026-02-09 10:38:35] [WARN] [01-Check-containerd-gpu(check_5_k8s_gpu_resource):238]	Node real-341 未发现 nvidia.com/gpu（device-plugin 可能未生效/驱动未就绪/需重启 kubelet）
解决方案建议：
- 确认已执行：sudo bash /root/lwj/k8s-deploy/Script/20-Deploy-nvidia.sh
- 确认 device-plugin Pod 处于 Running
- 如已安装驱动/模块但资源仍不出现，可尝试重启 kubelet：
  sudo systemctl restart kubelet
Allocated resources:
  (Total limits may be over 100 percent, i.e., overcommitted.)
  Resource           Requests    Limits
  --------           --------    ------
  cpu                1380m (1%)  100m (0%)
  memory             480Mi (0%)  440Mi (0%)
  ephemeral-storage  0 (0%)      0 (0%)
  hugepages-1Gi      0 (0%)      0 (0%)
  hugepages-2Mi      0 (0%)      0 (0%)
Events:
  Type     Reason                   Age   From     Message
kube-system          nvidia-device-plugin-daemonset-w7kbm                              1/1     Running     0          5m49s
[2026-02-09 10:38:35] [INFO] [01-Check-containerd-gpu(check_6_device_plugin_ds_constraints):258]	检查 6/6：device-plugin DaemonSet 调度约束（nodeSelector/desiredNumberScheduled）
[2026-02-09 10:38:36] [INFO] [01-Check-containerd-gpu(check_6_device_plugin_ds_constraints):270]	device-plugin DS: desiredNumberScheduled=1 nodeSelector={"nvidia.com/gpu.present":"true"}}
[2026-02-09 10:38:36] [INFO] [01-Check-containerd-gpu(main):305]	检查完成
