[2026-02-06 17:19:10] [INFO] [10-Env(init_logging):53]	-------------------脚本开始执行----------------------
[2026-02-06 17:19:10] [INFO] [10-Env(init_framework):327]	OS: ubuntu 22.04
[2026-02-06 17:19:10] [WARN] [10-Env(main):119]	将对宿主机做预置：关闭防火墙、关闭 swap、写入 sysctl/modules 配置、清理 KUBE/CALI iptables 链。
[2026-02-06 17:19:10] [INFO] [10-Env(log_command):68]	执行命令: systemctl stop ufw || true
[2026-02-06 17:19:10] [INFO] [10-Env(log_command):72]	命令执行成功
[2026-02-06 17:19:10] [INFO] [10-Env(log_command):68]	执行命令: systemctl disable ufw || true
Synchronizing state of ufw.service with SysV service script with /lib/systemd/systemd-sysv-install.
Executing: /lib/systemd/systemd-sysv-install disable ufw
[2026-02-06 17:19:12] [INFO] [10-Env(log_command):72]	命令执行成功
[2026-02-06 17:19:12] [INFO] [10-Env(log_command):68]	执行命令: systemctl stop firewalld || true
Failed to stop firewalld.service: Unit firewalld.service not loaded.
[2026-02-06 17:19:12] [INFO] [10-Env(log_command):72]	命令执行成功
[2026-02-06 17:19:12] [INFO] [10-Env(log_command):68]	执行命令: systemctl disable firewalld || true
Failed to disable unit: Unit file firewalld.service does not exist.
[2026-02-06 17:19:12] [INFO] [10-Env(log_command):72]	命令执行成功
[2026-02-06 17:19:12] [INFO] [10-Env(log_command):68]	执行命令: swapoff -a || true
[2026-02-06 17:19:12] [INFO] [10-Env(log_command):72]	命令执行成功
[2026-02-06 17:19:12] [WARN] [10-Env(disable_swap):66]	已执行 swapoff。为避免误改宿主机挂载配置，本脚本默认不修改 /etc/fstab；如需永久禁用 swap，请自行处理。
[2026-02-06 17:19:12] [INFO] [10-Env(log_command):68]	执行命令: modprobe overlay || true
[2026-02-06 17:19:12] [INFO] [10-Env(log_command):72]	命令执行成功
[2026-02-06 17:19:12] [INFO] [10-Env(log_command):68]	执行命令: modprobe br_netfilter || true
[2026-02-06 17:19:12] [INFO] [10-Env(log_command):72]	命令执行成功
[2026-02-06 17:19:12] [INFO] [10-Env(log_command):68]	执行命令: modprobe nf_conntrack || true
[2026-02-06 17:19:12] [INFO] [10-Env(log_command):72]	命令执行成功
[2026-02-06 17:19:12] [INFO] [10-Env(log_command):68]	执行命令: sysctl --system || true
* Applying /etc/sysctl.d/10-console-messages.conf ...
kernel.printk = 4 4 1 7
* Applying /etc/sysctl.d/10-ipv6-privacy.conf ...
net.ipv6.conf.all.use_tempaddr = 2
net.ipv6.conf.default.use_tempaddr = 2
* Applying /etc/sysctl.d/10-kernel-hardening.conf ...
kernel.kptr_restrict = 1
* Applying /etc/sysctl.d/10-magic-sysrq.conf ...
kernel.sysrq = 176
* Applying /etc/sysctl.d/10-network-security.conf ...
net.ipv4.conf.default.rp_filter = 1
net.ipv4.conf.all.rp_filter = 1
* Applying /etc/sysctl.d/10-ptrace.conf ...
kernel.yama.ptrace_scope = 1
* Applying /etc/sysctl.d/10-zeropage.conf ...
vm.mmap_min_addr = 65536
* Applying /usr/lib/sysctl.d/50-default.conf ...
kernel.core_uses_pid = 1
net.ipv4.conf.default.rp_filter = 1
net.ipv4.conf.default.accept_source_route = 0
sysctl: setting key "net.ipv4.conf.all.accept_source_route": Invalid argument
net.ipv4.conf.default.promote_secondaries = 1
sysctl: setting key "net.ipv4.conf.all.promote_secondaries": Invalid argument
net.ipv4.ping_group_range = 0 2147483647
net.core.default_qdisc = fq_codel
fs.protected_hardlinks = 1
fs.protected_symlinks = 1
fs.protected_regular = 1
fs.protected_fifos = 1
* Applying /usr/lib/sysctl.d/50-pid-max.conf ...
kernel.pid_max = 4194304
* Applying /etc/sysctl.d/99-cloudimg-ipv6.conf ...
net.ipv6.conf.all.use_tempaddr = 0
net.ipv6.conf.default.use_tempaddr = 0
* Applying /etc/sysctl.d/99-k8s-deploy-k8s.conf ...
net.bridge.bridge-nf-call-iptables = 1
net.bridge.bridge-nf-call-ip6tables = 1
net.ipv4.ip_forward = 1
vm.swappiness = 0
fs.inotify.max_user_instances = 8192
fs.inotify.max_user_watches = 1048576
* Applying /usr/lib/sysctl.d/99-protect-links.conf ...
fs.protected_fifos = 1
fs.protected_hardlinks = 1
fs.protected_regular = 2
fs.protected_symlinks = 1
* Applying /etc/sysctl.d/99-sysctl.conf ...
net.ipv4.conf.default.rp_filter = 1
net.ipv4.conf.all.rp_filter = 1
kernel.randomize_va_space = 2
net.ipv4.conf.all.send_redirects = 0
net.ipv4.conf.default.send_redirects = 0
net.ipv4.conf.all.accept_source_route = 0
net.ipv4.conf.default.accept_source_route = 0
net.ipv4.conf.all.log_martians = 1
net.ipv4.conf.default.log_martians = 1
net.ipv4.icmp_echo_ignore_broadcasts = 1
net.ipv4.icmp_ignore_bogus_error_responses = 1
vm.swappiness = 0
vm.max_map_count = 262144
net.core.somaxconn = 65535
net.ipv4.tcp_max_syn_backlog = 262144
net.ipv4.tcp_max_orphans = 3276800
net.ipv4.tcp_tw_reuse = 1
net.ipv4.tcp_synack_retries = 2
net.ipv4.tcp_max_tw_buckets = 180000
net.ipv6.conf.all.disable_ipv6 = 1
net.ipv6.conf.default.disable_ipv6 = 1
net.ipv6.conf.lo.disable_ipv6 = 1
net.ipv4.tcp_syncookies = 1
net.netfilter.nf_conntrack_max = 300000
net.netfilter.nf_conntrack_tcp_timeout_close_wait = 3600
net.netfilter.nf_conntrack_tcp_timeout_fin_wait = 120
net.netfilter.nf_conntrack_tcp_timeout_time_wait = 120
net.netfilter.nf_conntrack_tcp_timeout_established = 86400
net.core.rmem_default = 8388608
net.core.wmem_default = 8388608
net.core.rmem_max = 33554432
net.core.wmem_max = 33554432
net.core.netdev_max_backlog = 300000
net.ipv4.ip_forward = 1
net.ipv4.tcp_rmem = 4096 102400 16777216
net.ipv4.tcp_wmem = 4096 102400 16777216
net.ipv4.tcp_mem = 786432 1048576 1572864
net.ipv4.tcp_syn_retries = 3
net.ipv4.tcp_fin_timeout = 30
fs.inotify.max_user_watches = 1048576
fs.file-max = 6553600
net.ipv4.tcp_keepalive_time = 60
net.ipv4.tcp_abort_on_overflow = 0
net.bridge.bridge-nf-call-ip6tables = 1
net.bridge.bridge-nf-call-iptables = 1
* Applying /etc/sysctl.conf ...
net.ipv4.conf.default.rp_filter = 1
net.ipv4.conf.all.rp_filter = 1
kernel.randomize_va_space = 2
net.ipv4.conf.all.send_redirects = 0
net.ipv4.conf.default.send_redirects = 0
net.ipv4.conf.all.accept_source_route = 0
net.ipv4.conf.default.accept_source_route = 0
net.ipv4.conf.all.log_martians = 1
net.ipv4.conf.default.log_martians = 1
net.ipv4.icmp_echo_ignore_broadcasts = 1
net.ipv4.icmp_ignore_bogus_error_responses = 1
vm.swappiness = 0
vm.max_map_count = 262144
net.core.somaxconn = 65535
net.ipv4.tcp_max_syn_backlog = 262144
net.ipv4.tcp_max_orphans = 3276800
net.ipv4.tcp_tw_reuse = 1
net.ipv4.tcp_synack_retries = 2
net.ipv4.tcp_max_tw_buckets = 180000
net.ipv6.conf.all.disable_ipv6 = 1
net.ipv6.conf.default.disable_ipv6 = 1
net.ipv6.conf.lo.disable_ipv6 = 1
net.ipv4.tcp_syncookies = 1
net.netfilter.nf_conntrack_max = 300000
net.netfilter.nf_conntrack_tcp_timeout_close_wait = 3600
net.netfilter.nf_conntrack_tcp_timeout_fin_wait = 120
net.netfilter.nf_conntrack_tcp_timeout_time_wait = 120
net.netfilter.nf_conntrack_tcp_timeout_established = 86400
net.core.rmem_default = 8388608
net.core.wmem_default = 8388608
net.core.rmem_max = 33554432
net.core.wmem_max = 33554432
net.core.netdev_max_backlog = 300000
net.ipv4.ip_forward = 1
net.ipv4.tcp_rmem = 4096 102400 16777216
net.ipv4.tcp_wmem = 4096 102400 16777216
net.ipv4.tcp_mem = 786432 1048576 1572864
net.ipv4.tcp_syn_retries = 3
net.ipv4.tcp_fin_timeout = 30
fs.inotify.max_user_watches = 1048576
fs.file-max = 6553600
net.ipv4.tcp_keepalive_time = 60
net.ipv4.tcp_abort_on_overflow = 0
net.bridge.bridge-nf-call-ip6tables = 1
net.bridge.bridge-nf-call-iptables = 1
[2026-02-06 17:19:12] [INFO] [10-Env(log_command):72]	命令执行成功
[2026-02-06 17:19:13] [INFO] [10-Env(main):126]	Env 预置完成
