[2026-02-06 17:26:50] [INFO] [12-Load-images(init_logging):53]	-------------------脚本开始执行----------------------
[2026-02-06 17:26:50] [INFO] [12-Load-images(init_framework):327]	OS: ubuntu 22.04
[2026-02-06 17:26:50] [INFO] [12-Load-images(log_command):68]	执行命令: ctr -n k8s.io images import "/data/download/k8s/kube-apiserver-v1.31.11.tar"
unpacking registry.cn-hangzhou.aliyuncs.com/google_containers/kube-apiserver:v1.31.11 (sha256:60e6ae95f0945717a667f8a87ec8da795b0f5ec9c779997ef308c89a81cce906)...done
[2026-02-06 17:26:51] [INFO] [12-Load-images(log_command):72]	命令执行成功
[2026-02-06 17:26:51] [INFO] [12-Load-images(log_command):68]	执行命令: ctr -n k8s.io images import "/data/download/k8s/kube-controller-manager-v1.31.11.tar"
unpacking registry.cn-hangzhou.aliyuncs.com/google_containers/kube-controller-manager:v1.31.11 (sha256:641bbeade8e17ca6f8b93fce19d843cb8d6abeb2a9fd997788c7967fc1c2a12a)...done
[2026-02-06 17:26:52] [INFO] [12-Load-images(log_command):72]	命令执行成功
[2026-02-06 17:26:52] [INFO] [12-Load-images(log_command):68]	执行命令: ctr -n k8s.io images import "/data/download/k8s/kube-scheduler-v1.31.11.tar"
unpacking registry.cn-hangzhou.aliyuncs.com/google_containers/kube-scheduler:v1.31.11 (sha256:ad83e26e2b1c970ad1fd6a0fe8d7c4a1b42fe017210a5da2c690ef8a5af820ce)...done
[2026-02-06 17:26:52] [INFO] [12-Load-images(log_command):72]	命令执行成功
[2026-02-06 17:26:52] [INFO] [12-Load-images(log_command):68]	执行命令: ctr -n k8s.io images import "/data/download/k8s/kube-proxy-v1.31.11.tar"
unpacking registry.cn-hangzhou.aliyuncs.com/google_containers/kube-proxy:v1.31.11 (sha256:1374ede9da420e24a184bc9b95449605b353cc22bfc3330d9a272d16dd310d62)...done
[2026-02-06 17:26:53] [INFO] [12-Load-images(log_command):72]	命令执行成功
[2026-02-06 17:26:53] [INFO] [12-Load-images(log_command):68]	执行命令: ctr -n k8s.io images import "/data/download/k8s/coredns-v1.11.3.tar"
unpacking registry.cn-hangzhou.aliyuncs.com/google_containers/coredns:v1.11.3 (sha256:39b394f0ed96b1439eb069747be1cae7a8a1e959b49bdd5bde9ca874cefc86c4)...done
[2026-02-06 17:26:53] [INFO] [12-Load-images(log_command):72]	命令执行成功
[2026-02-06 17:26:53] [INFO] [12-Load-images(log_command):68]	执行命令: ctr -n k8s.io images import "/data/download/k8s/pause-3.10.tar"
unpacking registry.cn-hangzhou.aliyuncs.com/google_containers/pause:3.10 (sha256:a883b8d67f5fe8ae50f857fb4c11c789913d31edff664135b9d4df44d3cb85cb)...done
[2026-02-06 17:26:53] [INFO] [12-Load-images(log_command):72]	命令执行成功
[2026-02-06 17:26:53] [INFO] [12-Load-images(log_command):68]	执行命令: ctr -n k8s.io images import "/data/download/k8s/etcd-3.5.15-0.tar"
unpacking registry.cn-hangzhou.aliyuncs.com/google_containers/etcd:3.5.15-0 (sha256:c6e8fcaa0ce8c05e09112d7774c8fc5573b7801e7564caa41a7dfddac5dcb8cf)...done
[2026-02-06 17:26:54] [INFO] [12-Load-images(log_command):72]	命令执行成功
[2026-02-06 17:26:54] [INFO] [12-Load-images(log_command):68]	执行命令: ctr -n k8s.io images import "/data/download/cni/cni-release-v3.30.tar"
unpacking docker.io/calico/cni:release-v3.30 (sha256:ca4c96e140b0d7b72766b4ad8313af298c745f6fe9ae60ea39deb6a2f862dc79)...done
[2026-02-06 17:26:55] [INFO] [12-Load-images(log_command):72]	命令执行成功
[2026-02-06 17:26:55] [INFO] [12-Load-images(log_command):68]	执行命令: ctr -n k8s.io images import "/data/download/cni/kube-controllers-release-v3.30.tar"
unpacking docker.io/calico/kube-controllers:release-v3.30 (sha256:49fa0afd60cb28170ca6ac81686170f209da0ea4bbacbae7f42bfa8d99241b0f)...done
[2026-02-06 17:26:56] [INFO] [12-Load-images(log_command):72]	命令执行成功
[2026-02-06 17:26:56] [INFO] [12-Load-images(log_command):68]	执行命令: ctr -n k8s.io images import "/data/download/cni/node-release-v3.30.tar"
unpacking docker.io/calico/node:release-v3.30 (sha256:56ad5a693a51863fcafd080c2c21e4dcc081a769fd924f89ab9973d58933e5dc)...done
[2026-02-06 17:26:58] [INFO] [12-Load-images(log_command):72]	命令执行成功
[2026-02-06 17:26:58] [INFO] [12-Load-images(log_command):68]	执行命令: ctr -n k8s.io images import "/data/download/ingress/controller-v1.12.2.tar"
unpacking registry.k8s.io/ingress-nginx/controller:v1.12.2 (sha256:66d93b77af824bd025f140091a40ae77bd9c077815a2788a6a54992d76560a04)...done
[2026-02-06 17:27:00] [INFO] [12-Load-images(log_command):72]	命令执行成功
[2026-02-06 17:27:00] [INFO] [12-Load-images(log_command):68]	执行命令: ctr -n k8s.io images import "/data/download/ingress/kube-webhook-certgen-v1.5.3.tar"
unpacking registry.k8s.io/ingress-nginx/kube-webhook-certgen:v1.5.3 (sha256:6cc10325aaba8247884f5b0f7ef72104f789db71db143a5fc2e772dac0742544)...done
[2026-02-06 17:27:01] [INFO] [12-Load-images(log_command):72]	命令执行成功
[2026-02-06 17:27:01] [INFO] [12-Load-images(log_command):68]	执行命令: ctr -n k8s.io images import "/data/download/local-path/local-path-provisioner-master-head.tar"
unpacking docker.io/rancher/local-path-provisioner:master-head (sha256:bcd7e8e06cc501c52d1b133c3952f632ab5da6fc659570a3eb5b2fe0465fbaeb)...done
[2026-02-06 17:27:01] [INFO] [12-Load-images(log_command):72]	命令执行成功
[2026-02-06 17:27:01] [INFO] [12-Load-images(log_command):68]	执行命令: ctr -n k8s.io images import "/data/download/local-path/busybox-1.33.1.tar"
unpacking docker.io/library/busybox:1.33.1 (sha256:193863ac6b8fd70026deb68a0b1daa3976a50f6b8ae2bd786542cfe29c3f251d)...done
[2026-02-06 17:27:01] [INFO] [12-Load-images(log_command):72]	命令执行成功
[2026-02-06 17:27:01] [INFO] [12-Load-images(log_command):68]	执行命令: ctr -n k8s.io images import "/data/download/nfs-provisioner/nfs-subdir-external-provisioner-v4.0.2.tar"
unpacking docker.io/eipwork/nfs-subdir-external-provisioner:v4.0.2 (sha256:8c06abeb5d867056b4e33755b1e65d924d68b6764ccec2786cbd15934dabc0c8)...done
[2026-02-06 17:27:01] [INFO] [12-Load-images(log_command):72]	命令执行成功
[2026-02-06 17:27:01] [INFO] [12-Load-images(log_command):68]	执行命令: ctr -n k8s.io images import "/data/download/nvidia/k8s-device-plugin-v0.17.2.tar"
unpacking nvcr.io/nvidia/k8s-device-plugin:v0.17.2 (sha256:1560abee3f28e557d159a2e331640ac98e322e48db79f163d6b6883ee4997c6a)...done
[2026-02-06 17:27:05] [INFO] [12-Load-images(log_command):72]	命令执行成功
[2026-02-06 17:27:05] [INFO] [12-Load-images(main):65]	镜像导入完成
