[2026-02-05 22:26:21] [INFO] [20-Deploy-nvidia(init_logging):53]	-------------------脚本开始执行----------------------
[2026-02-05 22:26:21] [INFO] [20-Deploy-nvidia(init_framework):219]	OS: ubuntu 22.04
[2026-02-05 22:26:21] [INFO] [20-Deploy-nvidia(main):26]	安装 NVIDIA container toolkit（离线 deb）...
[2026-02-05 22:26:21] [INFO] [20-Deploy-nvidia(log_command):68]	执行命令: dpkg -i "/data/download/nvidia"/*.deb
Selecting previously unselected package libnvidia-container-tools.
(Reading database ... 92930 files and directories currently installed.)
Preparing to unpack .../libnvidia-container-tools_1.17.8-1_amd64.deb ...
Unpacking libnvidia-container-tools (1.17.8-1) ...
Selecting previously unselected package libnvidia-container1:amd64.
Preparing to unpack .../libnvidia-container1_1.17.8-1_amd64.deb ...
Unpacking libnvidia-container1:amd64 (1.17.8-1) ...
Selecting previously unselected package nvidia-container-toolkit-base.
Preparing to unpack .../nvidia-container-toolkit-base_1.17.8-1_amd64.deb ...
Unpacking nvidia-container-toolkit-base (1.17.8-1) ...
Selecting previously unselected package nvidia-container-toolkit.
Preparing to unpack .../nvidia-container-toolkit_1.17.8-1_amd64.deb ...
Unpacking nvidia-container-toolkit (1.17.8-1) ...
Setting up libnvidia-container1:amd64 (1.17.8-1) ...
Setting up nvidia-container-toolkit-base (1.17.8-1) ...
Setting up libnvidia-container-tools (1.17.8-1) ...
Setting up nvidia-container-toolkit (1.17.8-1) ...
Processing triggers for libc-bin (2.35-0ubuntu3.10) ...
[2026-02-05 22:26:22] [INFO] [20-Deploy-nvidia(log_command):72]	命令执行成功
[2026-02-05 22:26:22] [INFO] [20-Deploy-nvidia(main):31]	配置 nvidia runtime for containerd...
[2026-02-05 22:26:22] [INFO] [20-Deploy-nvidia(log_command):68]	执行命令: nvidia-ctk runtime configure --runtime=containerd
time="2026-02-05T22:26:22+08:00" level=info msg="Using config version 2"
time="2026-02-05T22:26:22+08:00" level=info msg="Using CRI runtime plugin name \"io.containerd.grpc.v1.cri\""
time="2026-02-05T22:26:22+08:00" level=info msg="Wrote updated config to /etc/containerd/config.toml"
time="2026-02-05T22:26:22+08:00" level=info msg="It is recommended that containerd daemon be restarted."
[2026-02-05 22:26:22] [INFO] [20-Deploy-nvidia(log_command):72]	命令执行成功
[2026-02-05 22:26:22] [INFO] [20-Deploy-nvidia(log_command):68]	执行命令: systemctl restart containerd
[2026-02-05 22:26:22] [INFO] [20-Deploy-nvidia(log_command):72]	命令执行成功
[2026-02-05 22:26:22] [INFO] [20-Deploy-nvidia(main):38]	部署 NVIDIA device plugin...
[2026-02-05 22:26:22] [INFO] [20-Deploy-nvidia(log_command):68]	执行命令: kubectl apply -f "/data/download/nvidia/device-plugin-nvidia-v0.17.2.yaml"
serviceaccount/nvidia-device-plugin created
clusterrole.rbac.authorization.k8s.io/nvidia-device-plugin-role created
clusterrolebinding.rbac.authorization.k8s.io/nvidia-device-plugin-binding created
daemonset.apps/nvidia-device-plugin-daemonset created
[2026-02-05 22:26:22] [INFO] [20-Deploy-nvidia(log_command):72]	命令执行成功
[2026-02-05 22:26:22] [INFO] [20-Deploy-nvidia(main):41]	nvidia 部署完成
[2026-02-06 12:14:32] [INFO] [20-Deploy-nvidia(init_logging):53]	-------------------脚本开始执行----------------------
[2026-02-06 12:14:32] [INFO] [20-Deploy-nvidia(init_framework):219]	OS: ubuntu 22.04
[2026-02-06 12:14:32] [INFO] [20-Deploy-nvidia(main):26]	安装 NVIDIA container toolkit（离线 deb）...
[2026-02-06 12:14:32] [INFO] [20-Deploy-nvidia(log_command):68]	执行命令: dpkg -i "/data/download/nvidia"/*.deb
(Reading database ... 92954 files and directories currently installed.)
Preparing to unpack .../libnvidia-container-tools_1.17.8-1_amd64.deb ...
Unpacking libnvidia-container-tools (1.17.8-1) over (1.17.8-1) ...
Preparing to unpack .../libnvidia-container1_1.17.8-1_amd64.deb ...
Unpacking libnvidia-container1:amd64 (1.17.8-1) over (1.17.8-1) ...
Preparing to unpack .../nvidia-container-toolkit-base_1.17.8-1_amd64.deb ...
Unpacking nvidia-container-toolkit-base (1.17.8-1) over (1.17.8-1) ...
Preparing to unpack .../nvidia-container-toolkit_1.17.8-1_amd64.deb ...
Unpacking nvidia-container-toolkit (1.17.8-1) over (1.17.8-1) ...
Setting up libnvidia-container1:amd64 (1.17.8-1) ...
Setting up nvidia-container-toolkit-base (1.17.8-1) ...
Setting up libnvidia-container-tools (1.17.8-1) ...
Setting up nvidia-container-toolkit (1.17.8-1) ...
Processing triggers for libc-bin (2.35-0ubuntu3.10) ...
[2026-02-06 12:14:32] [INFO] [20-Deploy-nvidia(log_command):72]	命令执行成功
[2026-02-06 12:14:32] [INFO] [20-Deploy-nvidia(main):31]	配置 nvidia runtime for containerd...
[2026-02-06 12:14:32] [INFO] [20-Deploy-nvidia(log_command):68]	执行命令: nvidia-ctk runtime configure --runtime=containerd
time="2026-02-06T12:14:32+08:00" level=info msg="Using config version 2"
time="2026-02-06T12:14:32+08:00" level=info msg="Using CRI runtime plugin name \"io.containerd.grpc.v1.cri\""
time="2026-02-06T12:14:32+08:00" level=info msg="Wrote updated config to /etc/containerd/config.toml"
time="2026-02-06T12:14:32+08:00" level=info msg="It is recommended that containerd daemon be restarted."
[2026-02-06 12:14:32] [INFO] [20-Deploy-nvidia(log_command):72]	命令执行成功
[2026-02-06 12:14:32] [INFO] [20-Deploy-nvidia(log_command):68]	执行命令: systemctl restart containerd
[2026-02-06 12:14:33] [INFO] [20-Deploy-nvidia(log_command):72]	命令执行成功
[2026-02-06 12:14:33] [INFO] [20-Deploy-nvidia(main):38]	部署 NVIDIA device plugin...
[2026-02-06 12:14:33] [INFO] [20-Deploy-nvidia(log_command):68]	执行命令: kubectl apply -f "/data/download/nvidia/device-plugin-nvidia-v0.17.2.yaml"
serviceaccount/nvidia-device-plugin unchanged
clusterrole.rbac.authorization.k8s.io/nvidia-device-plugin-role unchanged
clusterrolebinding.rbac.authorization.k8s.io/nvidia-device-plugin-binding unchanged
daemonset.apps/nvidia-device-plugin-daemonset unchanged
[2026-02-06 12:14:33] [INFO] [20-Deploy-nvidia(log_command):72]	命令执行成功
[2026-02-06 12:14:33] [INFO] [20-Deploy-nvidia(main):41]	nvidia 部署完成
[2026-02-06 13:18:22] [INFO] [20-Deploy-nvidia(init_logging):53]	-------------------脚本开始执行----------------------
[2026-02-06 13:18:22] [INFO] [20-Deploy-nvidia(init_framework):219]	OS: ubuntu 22.04
[2026-02-06 13:18:22] [INFO] [20-Deploy-nvidia(main):26]	安装 NVIDIA container toolkit（离线 deb）...
[2026-02-06 13:18:22] [INFO] [20-Deploy-nvidia(log_command):68]	执行命令: dpkg -i "/data/download/nvidia"/*.deb
(Reading database ... 92954 files and directories currently installed.)
Preparing to unpack .../libnvidia-container-tools_1.17.8-1_amd64.deb ...
Unpacking libnvidia-container-tools (1.17.8-1) over (1.17.8-1) ...
Preparing to unpack .../libnvidia-container1_1.17.8-1_amd64.deb ...
Unpacking libnvidia-container1:amd64 (1.17.8-1) over (1.17.8-1) ...
Preparing to unpack .../nvidia-container-toolkit-base_1.17.8-1_amd64.deb ...
Unpacking nvidia-container-toolkit-base (1.17.8-1) over (1.17.8-1) ...
Preparing to unpack .../nvidia-container-toolkit_1.17.8-1_amd64.deb ...
Unpacking nvidia-container-toolkit (1.17.8-1) over (1.17.8-1) ...
Setting up libnvidia-container1:amd64 (1.17.8-1) ...
Setting up nvidia-container-toolkit-base (1.17.8-1) ...
Setting up libnvidia-container-tools (1.17.8-1) ...
Setting up nvidia-container-toolkit (1.17.8-1) ...
Processing triggers for libc-bin (2.35-0ubuntu3.10) ...
[2026-02-06 13:18:22] [INFO] [20-Deploy-nvidia(log_command):72]	命令执行成功
[2026-02-06 13:18:22] [INFO] [20-Deploy-nvidia(main):31]	配置 nvidia runtime for containerd...
[2026-02-06 13:18:22] [INFO] [20-Deploy-nvidia(log_command):68]	执行命令: nvidia-ctk runtime configure --runtime=containerd
time="2026-02-06T13:18:22+08:00" level=info msg="Using config version 2"
time="2026-02-06T13:18:22+08:00" level=info msg="Using CRI runtime plugin name \"io.containerd.grpc.v1.cri\""
time="2026-02-06T13:18:22+08:00" level=info msg="Wrote updated config to /etc/containerd/config.toml"
time="2026-02-06T13:18:22+08:00" level=info msg="It is recommended that containerd daemon be restarted."
[2026-02-06 13:18:22] [INFO] [20-Deploy-nvidia(log_command):72]	命令执行成功
[2026-02-06 13:18:22] [INFO] [20-Deploy-nvidia(log_command):68]	执行命令: systemctl restart containerd
[2026-02-06 13:18:22] [INFO] [20-Deploy-nvidia(log_command):72]	命令执行成功
[2026-02-06 13:18:22] [INFO] [20-Deploy-nvidia(main):38]	部署 NVIDIA device plugin...
[2026-02-06 13:18:22] [INFO] [20-Deploy-nvidia(log_command):68]	执行命令: kubectl label node "real-341" nvidia.com/gpu.present=true --overwrite
node/real-341 labeled
[2026-02-06 13:18:23] [INFO] [20-Deploy-nvidia(log_command):72]	命令执行成功
[2026-02-06 13:18:23] [INFO] [20-Deploy-nvidia(log_command):68]	执行命令: kubectl apply -f "/data/download/nvidia/device-plugin-nvidia-v0.17.2.yaml"
serviceaccount/nvidia-device-plugin unchanged
clusterrole.rbac.authorization.k8s.io/nvidia-device-plugin-role unchanged
clusterrolebinding.rbac.authorization.k8s.io/nvidia-device-plugin-binding unchanged
daemonset.apps/nvidia-device-plugin-daemonset unchanged
[2026-02-06 13:18:23] [INFO] [20-Deploy-nvidia(log_command):72]	命令执行成功
[2026-02-06 13:18:23] [INFO] [20-Deploy-nvidia(main):51]	nvidia 部署完成
[2026-02-06 16:05:49] [INFO] [20-Deploy-nvidia(init_logging):53]	-------------------脚本开始执行----------------------
[2026-02-06 16:05:49] [INFO] [20-Deploy-nvidia(init_framework):327]	OS: ubuntu 22.04
[2026-02-06 16:05:49] [INFO] [20-Deploy-nvidia(install_nvidia_toolkit):53]	安装 NVIDIA container toolkit（离线 deb）...
[2026-02-06 16:05:49] [INFO] [20-Deploy-nvidia(log_command):68]	执行命令: dpkg -i /data/download/nvidia/nvidia-container-toolkit_1.17.8-1_amd64.deb /data/download/nvidia/nvidia-container-toolkit-base_1.17.8-1_amd64.deb /data/download/nvidia/libnvidia-container-tools_1.17.8-1_amd64.deb /data/download/nvidia/libnvidia-container1_1.17.8-1_amd64.deb
(Reading database ... 92954 files and directories currently installed.)
Preparing to unpack .../nvidia-container-toolkit_1.17.8-1_amd64.deb ...
Unpacking nvidia-container-toolkit (1.17.8-1) over (1.17.8-1) ...
Preparing to unpack .../nvidia-container-toolkit-base_1.17.8-1_amd64.deb ...
Unpacking nvidia-container-toolkit-base (1.17.8-1) over (1.17.8-1) ...
Preparing to unpack .../libnvidia-container-tools_1.17.8-1_amd64.deb ...
Unpacking libnvidia-container-tools (1.17.8-1) over (1.17.8-1) ...
Preparing to unpack .../libnvidia-container1_1.17.8-1_amd64.deb ...
Unpacking libnvidia-container1:amd64 (1.17.8-1) over (1.17.8-1) ...
Setting up nvidia-container-toolkit-base (1.17.8-1) ...
Setting up libnvidia-container1:amd64 (1.17.8-1) ...
Setting up libnvidia-container-tools (1.17.8-1) ...
Setting up nvidia-container-toolkit (1.17.8-1) ...
Processing triggers for libc-bin (2.35-0ubuntu3.10) ...
[2026-02-06 16:05:50] [INFO] [20-Deploy-nvidia(log_command):72]	命令执行成功
[2026-02-06 16:05:50] [INFO] [20-Deploy-nvidia(configure_containerd_runtime):64]	配置 nvidia runtime for containerd...
[2026-02-06 16:05:50] [INFO] [20-Deploy-nvidia(log_command):68]	执行命令: nvidia-ctk runtime configure --runtime=containerd
time="2026-02-06T16:05:50+08:00" level=info msg="Using config version 2"
time="2026-02-06T16:05:50+08:00" level=info msg="Using CRI runtime plugin name \"io.containerd.grpc.v1.cri\""
time="2026-02-06T16:05:50+08:00" level=info msg="Wrote updated config to /etc/containerd/config.toml"
time="2026-02-06T16:05:50+08:00" level=info msg="It is recommended that containerd daemon be restarted."
[2026-02-06 16:05:50] [INFO] [20-Deploy-nvidia(log_command):72]	命令执行成功
[2026-02-06 16:05:50] [INFO] [20-Deploy-nvidia(log_command):68]	执行命令: systemctl restart containerd
[2026-02-06 16:05:50] [INFO] [20-Deploy-nvidia(log_command):72]	命令执行成功
[2026-02-06 16:05:50] [INFO] [20-Deploy-nvidia(deploy_nvidia_device_plugin):78]	部署 NVIDIA device plugin...
[2026-02-06 16:05:50] [INFO] [20-Deploy-nvidia(log_command):68]	执行命令: kubectl label node "real-341" nvidia.com/gpu.present=true --overwrite
node/real-341 not labeled
[2026-02-06 16:05:50] [INFO] [20-Deploy-nvidia(log_command):72]	命令执行成功
[2026-02-06 16:05:50] [INFO] [20-Deploy-nvidia(log_command):68]	执行命令: kubectl apply -f "/data/download/nvidia/device-plugin-nvidia-v0.17.2.yaml"
serviceaccount/nvidia-device-plugin unchanged
clusterrole.rbac.authorization.k8s.io/nvidia-device-plugin-role unchanged
clusterrolebinding.rbac.authorization.k8s.io/nvidia-device-plugin-binding unchanged
daemonset.apps/nvidia-device-plugin-daemonset unchanged
[2026-02-06 16:05:50] [INFO] [20-Deploy-nvidia(log_command):72]	命令执行成功
[2026-02-06 16:05:50] [INFO] [20-Deploy-nvidia(main):110]	nvidia 部署完成
