[2026-02-06 16:32:21] [INFO] [91-Cleanup-host(init_logging):53]	-------------------脚本开始执行----------------------
[2026-02-06 16:32:21] [INFO] [91-Cleanup-host(init_framework):327]	OS: ubuntu 22.04
[2026-02-06 16:32:21] [WARN] [91-Cleanup-host(main):11]	开始清理：仅回滚 k8s-deploy 记录过的备份 + 移除 k8s-deploy 写入的独立配置文件。
[2026-02-06 16:32:21] [INFO] [90-Shovel-k8s(init_logging):53]	-------------------脚本开始执行----------------------
[2026-02-06 16:32:21] [INFO] [90-Shovel-k8s(init_framework):327]	OS: ubuntu 22.04
[2026-02-06 16:32:21] [INFO] [90-Shovel-k8s(main):10]	清理 kubeadm 集群（kubeadm reset + 清理 KUBE/CALI 链 + 清理目录）
[2026-02-06 16:32:21] [INFO] [90-Shovel-k8s(log_command):68]	执行命令: systemctl stop kubelet 2>/dev/null || true
[2026-02-06 16:32:22] [INFO] [90-Shovel-k8s(log_command):72]	命令执行成功
[2026-02-06 16:32:22] [INFO] [90-Shovel-k8s(log_command):68]	执行命令: kubeadm reset -f || true
[reset] Reading configuration from the cluster...
[reset] FYI: You can look at this config file with 'kubectl -n kube-system get cm kubeadm-config -o yaml'
[preflight] Running pre-flight checks
[reset] Deleted contents of the etcd data directory: /var/lib/etcd
[reset] Stopping the kubelet service
[reset] Unmounting mounted directories in "/var/lib/kubelet"
W0206 16:32:26.605262 3037170 cleanupnode.go:105] [reset] Failed to remove containers: [failed to stop running pod 9154fc9a5cf38196a47d0d1d55d87e423456e7b531f7850d40a5652994bcb426: rpc error: code = Unknown desc = failed to destroy network for sandbox "9154fc9a5cf38196a47d0d1d55d87e423456e7b531f7850d40a5652994bcb426": plugin type="calico" failed (delete): error getting ClusterInformation: Get "https://10.96.0.1:443/apis/crd.projectcalico.org/v1/clusterinformations/default": dial tcp 10.96.0.1:443: connect: connection refused, failed to stop running pod 24c7a1b3ed793a36dfd2b54aad7929ff63b381c1103b77e070ae5b86ba788161: rpc error: code = Unknown desc = failed to destroy network for sandbox "24c7a1b3ed793a36dfd2b54aad7929ff63b381c1103b77e070ae5b86ba788161": plugin type="calico" failed (delete): error getting ClusterInformation: Get "https://10.96.0.1:443/apis/crd.projectcalico.org/v1/clusterinformations/default": dial tcp 10.96.0.1:443: connect: connection refused, failed to stop running pod daebf48bdf54e908c971a491aa6d244a668464f8a599e4b455b4a8662dbdd04f: rpc error: code = Unknown desc = failed to destroy network for sandbox "daebf48bdf54e908c971a491aa6d244a668464f8a599e4b455b4a8662dbdd04f": plugin type="calico" failed (delete): error getting ClusterInformation: Get "https://10.96.0.1:443/apis/crd.projectcalico.org/v1/clusterinformations/default": dial tcp 10.96.0.1:443: connect: connection refused, failed to stop running pod c2b8c28a0b8479a8bffbaa2ae1ed389f723e4a5066ea78ea623e32d2032e66e8: rpc error: code = Unknown desc = failed to destroy network for sandbox "c2b8c28a0b8479a8bffbaa2ae1ed389f723e4a5066ea78ea623e32d2032e66e8": plugin type="calico" failed (delete): error getting ClusterInformation: Get "https://10.96.0.1:443/apis/crd.projectcalico.org/v1/clusterinformations/default": dial tcp 10.96.0.1:443: connect: connection refused, failed to stop running pod ca6ee8e3baf25caad0cf66d8dbb3001b329dbfca6411a6cddbbad3c1c266ffa3: rpc error: code = Unknown desc = failed to destroy network for sandbox "ca6ee8e3baf25caad0cf66d8dbb3001b329dbfca6411a6cddbbad3c1c266ffa3": plugin type="calico" failed (delete): error getting ClusterInformation: Get "https://10.96.0.1:443/apis/crd.projectcalico.org/v1/clusterinformations/default": dial tcp 10.96.0.1:443: connect: connection refused, failed to stop running pod 9acedf22a8a1b94f9c7d0ea353f8adbd6e1539efad4d2eff98d43163931f7e63: rpc error: code = Unknown desc = failed to destroy network for sandbox "9acedf22a8a1b94f9c7d0ea353f8adbd6e1539efad4d2eff98d43163931f7e63": plugin type="calico" failed (delete): error getting ClusterInformation: Get "https://10.96.0.1:443/apis/crd.projectcalico.org/v1/clusterinformations/default": dial tcp 10.96.0.1:443: connect: connection refused, failed to stop running pod 50309b140b818843f65237d2ed50c024bb227e64c06da6f4392b41f759cbd8e6: rpc error: code = Unknown desc = failed to destroy network for sandbox "50309b140b818843f65237d2ed50c024bb227e64c06da6f4392b41f759cbd8e6": plugin type="calico" failed (delete): error getting ClusterInformation: Get "https://10.96.0.1:443/apis/crd.projectcalico.org/v1/clusterinformations/default": dial tcp 10.96.0.1:443: connect: connection refused, failed to stop running pod ef410c93132415803aac8561cdf9247bf699f5de7691d6d0a3d60c10bfef754d: rpc error: code = Unknown desc = failed to destroy network for sandbox "ef410c93132415803aac8561cdf9247bf699f5de7691d6d0a3d60c10bfef754d": plugin type="calico" failed (delete): error getting ClusterInformation: Get "https://10.96.0.1:443/apis/crd.projectcalico.org/v1/clusterinformations/default": dial tcp 10.96.0.1:443: connect: connection refused]
[reset] Deleting contents of directories: [/etc/kubernetes/manifests /var/lib/kubelet /etc/kubernetes/pki]
[reset] Deleting files: [/etc/kubernetes/admin.conf /etc/kubernetes/super-admin.conf /etc/kubernetes/kubelet.conf /etc/kubernetes/bootstrap-kubelet.conf /etc/kubernetes/controller-manager.conf /etc/kubernetes/scheduler.conf]

The reset process does not clean CNI configuration. To do so, you must remove /etc/cni/net.d

The reset process does not reset or clean up iptables rules or IPVS tables.
If you wish to reset iptables, you must do so manually by using the "iptables" command.

If your cluster was setup to utilize IPVS, run ipvsadm --clear (or similar)
to reset your system's IPVS tables.

The reset process does not clean your kubeconfig files and you must remove them manually.
Please, check the contents of the $HOME/.kube/config file.
[2026-02-06 16:32:26] [INFO] [90-Shovel-k8s(log_command):72]	命令执行成功
[2026-02-06 16:32:26] [INFO] [90-Shovel-k8s(log_command):68]	执行命令: rm -rf /etc/kubernetes /var/lib/etcd /var/lib/kubelet /var/lib/cni /run/flannel /etc/cni/net.d || true
[2026-02-06 16:32:26] [INFO] [90-Shovel-k8s(log_command):72]	命令执行成功
[2026-02-06 16:32:26] [INFO] [90-Shovel-k8s(log_command):68]	执行命令: rm -rf /root/.kube 2>/dev/null || true
[2026-02-06 16:32:26] [INFO] [90-Shovel-k8s(log_command):72]	命令执行成功
[2026-02-06 16:32:26] [INFO] [90-Shovel-k8s(log_command):68]	执行命令: ip link delete "cni0" 2>/dev/null || true
[2026-02-06 16:32:26] [INFO] [90-Shovel-k8s(log_command):72]	命令执行成功
[2026-02-06 16:32:26] [INFO] [90-Shovel-k8s(log_command):68]	执行命令: ip link delete "flannel.1" 2>/dev/null || true
[2026-02-06 16:32:26] [INFO] [90-Shovel-k8s(log_command):72]	命令执行成功
[2026-02-06 16:32:26] [INFO] [90-Shovel-k8s(log_command):68]	执行命令: ip link delete "kube-ipvs0" 2>/dev/null || true
[2026-02-06 16:32:26] [INFO] [90-Shovel-k8s(log_command):72]	命令执行成功
[2026-02-06 16:32:26] [INFO] [90-Shovel-k8s(log_command):68]	执行命令: ip link delete "tunl0" 2>/dev/null || true
[2026-02-06 16:32:26] [INFO] [90-Shovel-k8s(log_command):72]	命令执行成功
[2026-02-06 16:32:26] [INFO] [90-Shovel-k8s(log_command):68]	执行命令: ip link delete "cali0551cb81fb3@if3" 2>/dev/null || true
[2026-02-06 16:32:26] [INFO] [90-Shovel-k8s(log_command):72]	命令执行成功
[2026-02-06 16:32:26] [INFO] [90-Shovel-k8s(log_command):68]	执行命令: ip link delete "cali121183cb480@if3" 2>/dev/null || true
[2026-02-06 16:32:26] [INFO] [90-Shovel-k8s(log_command):72]	命令执行成功
[2026-02-06 16:32:26] [INFO] [90-Shovel-k8s(log_command):68]	执行命令: ip link delete "calif661e1e24ec@if3" 2>/dev/null || true
[2026-02-06 16:32:26] [INFO] [90-Shovel-k8s(log_command):72]	命令执行成功
[2026-02-06 16:32:26] [INFO] [90-Shovel-k8s(log_command):68]	执行命令: ip link delete "cali8cf7527442f@if3" 2>/dev/null || true
[2026-02-06 16:32:26] [INFO] [90-Shovel-k8s(log_command):72]	命令执行成功
[2026-02-06 16:32:26] [INFO] [90-Shovel-k8s(log_command):68]	执行命令: ip link delete "calia6539d3ef4a@if3" 2>/dev/null || true
[2026-02-06 16:32:26] [INFO] [90-Shovel-k8s(log_command):72]	命令执行成功
[2026-02-06 16:32:26] [INFO] [90-Shovel-k8s(log_command):68]	执行命令: ip link delete "cali288dc4a3fa2@if3" 2>/dev/null || true
[2026-02-06 16:32:26] [INFO] [90-Shovel-k8s(log_command):72]	命令执行成功
[2026-02-06 16:32:26] [INFO] [90-Shovel-k8s(log_command):68]	执行命令: systemctl restart containerd 2>/dev/null || true
[2026-02-06 16:32:27] [INFO] [90-Shovel-k8s(log_command):72]	命令执行成功
[2026-02-06 16:32:27] [INFO] [90-Shovel-k8s(main):54]	集群清理完成
91-Cleanup-host.sh: line 24: K8S_DEPLOY_BACKUPS_FILE: unbound variable
[2026-02-06 16:35:06] [INFO] [91-Cleanup-host(init_logging):53]	-------------------脚本开始执行----------------------
[2026-02-06 16:35:06] [INFO] [91-Cleanup-host(init_framework):327]	OS: ubuntu 22.04
[2026-02-06 16:35:06] [WARN] [91-Cleanup-host(main):11]	开始清理：仅回滚 k8s-deploy 记录过的备份 + 移除 k8s-deploy 写入的独立配置文件。
[2026-02-06 16:35:06] [INFO] [90-Shovel-k8s(init_logging):53]	-------------------脚本开始执行----------------------
[2026-02-06 16:35:06] [INFO] [90-Shovel-k8s(init_framework):327]	OS: ubuntu 22.04
[2026-02-06 16:35:06] [INFO] [90-Shovel-k8s(main):10]	清理 kubeadm 集群（kubeadm reset + 清理 KUBE/CALI 链 + 清理目录）
[2026-02-06 16:35:06] [INFO] [90-Shovel-k8s(log_command):68]	执行命令: systemctl stop kubelet 2>/dev/null || true
[2026-02-06 16:35:06] [INFO] [90-Shovel-k8s(log_command):72]	命令执行成功
[2026-02-06 16:35:06] [INFO] [90-Shovel-k8s(log_command):68]	执行命令: kubeadm reset -f || true
[preflight] Running pre-flight checks
W0206 16:35:06.434483 3040927 removeetcdmember.go:106] [reset] No kubeadm config, using etcd pod spec to get data directory
[reset] Deleted contents of the etcd data directory: /var/lib/etcd
[reset] Stopping the kubelet service
W0206 16:35:06.436869 3040927 cleanupnode.go:87] [reset] Skipping unmount of directories in "/var/lib/kubelet": lstat /var/lib/kubelet: no such file or directory
W0206 16:35:06.449270 3040927 cleanupnode.go:105] [reset] Failed to remove containers: [failed to stop running pod 9acedf22a8a1b94f9c7d0ea353f8adbd6e1539efad4d2eff98d43163931f7e63: rpc error: code = Unknown desc = failed to destroy network for sandbox "9acedf22a8a1b94f9c7d0ea353f8adbd6e1539efad4d2eff98d43163931f7e63": cni plugin not initialized, failed to stop running pod 24c7a1b3ed793a36dfd2b54aad7929ff63b381c1103b77e070ae5b86ba788161: rpc error: code = Unknown desc = failed to destroy network for sandbox "24c7a1b3ed793a36dfd2b54aad7929ff63b381c1103b77e070ae5b86ba788161": cni plugin not initialized, failed to stop running pod 9154fc9a5cf38196a47d0d1d55d87e423456e7b531f7850d40a5652994bcb426: rpc error: code = Unknown desc = failed to destroy network for sandbox "9154fc9a5cf38196a47d0d1d55d87e423456e7b531f7850d40a5652994bcb426": cni plugin not initialized, failed to stop running pod 50309b140b818843f65237d2ed50c024bb227e64c06da6f4392b41f759cbd8e6: rpc error: code = Unknown desc = failed to destroy network for sandbox "50309b140b818843f65237d2ed50c024bb227e64c06da6f4392b41f759cbd8e6": cni plugin not initialized, failed to stop running pod daebf48bdf54e908c971a491aa6d244a668464f8a599e4b455b4a8662dbdd04f: rpc error: code = Unknown desc = failed to destroy network for sandbox "daebf48bdf54e908c971a491aa6d244a668464f8a599e4b455b4a8662dbdd04f": cni plugin not initialized, failed to stop running pod c2b8c28a0b8479a8bffbaa2ae1ed389f723e4a5066ea78ea623e32d2032e66e8: rpc error: code = Unknown desc = failed to destroy network for sandbox "c2b8c28a0b8479a8bffbaa2ae1ed389f723e4a5066ea78ea623e32d2032e66e8": cni plugin not initialized, failed to stop running pod ef410c93132415803aac8561cdf9247bf699f5de7691d6d0a3d60c10bfef754d: rpc error: code = Unknown desc = failed to destroy network for sandbox "ef410c93132415803aac8561cdf9247bf699f5de7691d6d0a3d60c10bfef754d": cni plugin not initialized, failed to stop running pod ca6ee8e3baf25caad0cf66d8dbb3001b329dbfca6411a6cddbbad3c1c266ffa3: rpc error: code = Unknown desc = failed to destroy network for sandbox "ca6ee8e3baf25caad0cf66d8dbb3001b329dbfca6411a6cddbbad3c1c266ffa3": cni plugin not initialized]
[reset] Deleting contents of directories: [/etc/kubernetes/manifests /etc/kubernetes/pki]
[reset] Deleting files: [/etc/kubernetes/admin.conf /etc/kubernetes/super-admin.conf /etc/kubernetes/kubelet.conf /etc/kubernetes/bootstrap-kubelet.conf /etc/kubernetes/controller-manager.conf /etc/kubernetes/scheduler.conf]

The reset process does not clean CNI configuration. To do so, you must remove /etc/cni/net.d

The reset process does not reset or clean up iptables rules or IPVS tables.
If you wish to reset iptables, you must do so manually by using the "iptables" command.

If your cluster was setup to utilize IPVS, run ipvsadm --clear (or similar)
to reset your system's IPVS tables.

The reset process does not clean your kubeconfig files and you must remove them manually.
Please, check the contents of the $HOME/.kube/config file.
[2026-02-06 16:35:06] [INFO] [90-Shovel-k8s(log_command):72]	命令执行成功
[2026-02-06 16:35:06] [INFO] [90-Shovel-k8s(log_command):68]	执行命令: rm -rf /etc/kubernetes /var/lib/etcd /var/lib/kubelet /var/lib/cni /run/flannel /etc/cni/net.d || true
[2026-02-06 16:35:06] [INFO] [90-Shovel-k8s(log_command):72]	命令执行成功
[2026-02-06 16:35:06] [INFO] [90-Shovel-k8s(log_command):68]	执行命令: rm -rf /root/.kube 2>/dev/null || true
[2026-02-06 16:35:06] [INFO] [90-Shovel-k8s(log_command):72]	命令执行成功
[2026-02-06 16:35:06] [INFO] [90-Shovel-k8s(log_command):68]	执行命令: ip link delete "cni0" 2>/dev/null || true
[2026-02-06 16:35:06] [INFO] [90-Shovel-k8s(log_command):72]	命令执行成功
[2026-02-06 16:35:06] [INFO] [90-Shovel-k8s(log_command):68]	执行命令: ip link delete "flannel.1" 2>/dev/null || true
[2026-02-06 16:35:06] [INFO] [90-Shovel-k8s(log_command):72]	命令执行成功
[2026-02-06 16:35:06] [INFO] [90-Shovel-k8s(log_command):68]	执行命令: ip link delete "kube-ipvs0" 2>/dev/null || true
[2026-02-06 16:35:06] [INFO] [90-Shovel-k8s(log_command):72]	命令执行成功
[2026-02-06 16:35:06] [INFO] [90-Shovel-k8s(log_command):68]	执行命令: ip link delete "tunl0" 2>/dev/null || true
[2026-02-06 16:35:06] [INFO] [90-Shovel-k8s(log_command):72]	命令执行成功
[2026-02-06 16:35:06] [INFO] [90-Shovel-k8s(log_command):68]	执行命令: ip link delete "cali0551cb81fb3@if3" 2>/dev/null || true
[2026-02-06 16:35:06] [INFO] [90-Shovel-k8s(log_command):72]	命令执行成功
[2026-02-06 16:35:06] [INFO] [90-Shovel-k8s(log_command):68]	执行命令: ip link delete "cali121183cb480@if3" 2>/dev/null || true
[2026-02-06 16:35:06] [INFO] [90-Shovel-k8s(log_command):72]	命令执行成功
[2026-02-06 16:35:06] [INFO] [90-Shovel-k8s(log_command):68]	执行命令: ip link delete "calif661e1e24ec@if3" 2>/dev/null || true
[2026-02-06 16:35:06] [INFO] [90-Shovel-k8s(log_command):72]	命令执行成功
[2026-02-06 16:35:06] [INFO] [90-Shovel-k8s(log_command):68]	执行命令: ip link delete "cali8cf7527442f@if3" 2>/dev/null || true
[2026-02-06 16:35:06] [INFO] [90-Shovel-k8s(log_command):72]	命令执行成功
[2026-02-06 16:35:06] [INFO] [90-Shovel-k8s(log_command):68]	执行命令: ip link delete "calia6539d3ef4a@if3" 2>/dev/null || true
[2026-02-06 16:35:06] [INFO] [90-Shovel-k8s(log_command):72]	命令执行成功
[2026-02-06 16:35:06] [INFO] [90-Shovel-k8s(log_command):68]	执行命令: ip link delete "cali288dc4a3fa2@if3" 2>/dev/null || true
[2026-02-06 16:35:06] [INFO] [90-Shovel-k8s(log_command):72]	命令执行成功
[2026-02-06 16:35:06] [INFO] [90-Shovel-k8s(log_command):68]	执行命令: systemctl restart containerd 2>/dev/null || true
[2026-02-06 16:35:06] [INFO] [90-Shovel-k8s(log_command):72]	命令执行成功
[2026-02-06 16:35:06] [INFO] [90-Shovel-k8s(main):54]	集群清理完成
[2026-02-06 16:35:06] [INFO] [91-Cleanup-host(main):29]	RESTORE: /etc/sysctl.d/99-k8s-deploy-k8s.conf.k8s-deploy.20260205_220435 -> /etc/sysctl.d/99-k8s-deploy-k8s.conf
[2026-02-06 16:35:06] [INFO] [91-Cleanup-host(main):29]	RESTORE: /etc/modules-load.d/k8s-deploy.conf.k8s-deploy.20260205_220435 -> /etc/modules-load.d/k8s-deploy.conf
[2026-02-06 16:35:06] [INFO] [91-Cleanup-host(main):29]	RESTORE: /usr/bin/helmfile.k8s-deploy.20260205_201148 -> /usr/bin/helmfile
[2026-02-06 16:35:06] [INFO] [91-Cleanup-host(main):29]	RESTORE: /usr/bin/helm.k8s-deploy.20260205_201148 -> /usr/bin/helm
[2026-02-06 16:35:06] [INFO] [91-Cleanup-host(main):49]	Cleanup 完成
[2026-02-06 16:37:27] [INFO] [91-Cleanup-host(init_logging):53]	-------------------脚本开始执行----------------------
[2026-02-06 16:37:27] [INFO] [91-Cleanup-host(init_framework):327]	OS: ubuntu 22.04
[2026-02-06 16:37:27] [WARN] [91-Cleanup-host(main):11]	开始清理：仅回滚 k8s-deploy 记录过的备份 + 移除 k8s-deploy 写入的独立配置文件。
[2026-02-06 16:37:27] [INFO] [90-Shovel-k8s(init_logging):53]	-------------------脚本开始执行----------------------
[2026-02-06 16:37:27] [INFO] [90-Shovel-k8s(init_framework):327]	OS: ubuntu 22.04
[2026-02-06 16:37:27] [INFO] [90-Shovel-k8s(main):10]	清理 kubeadm 集群（kubeadm reset + 清理 KUBE/CALI 链 + 清理目录）
[2026-02-06 16:37:27] [INFO] [90-Shovel-k8s(log_command):68]	执行命令: systemctl stop kubelet 2>/dev/null || true
[2026-02-06 16:37:27] [INFO] [90-Shovel-k8s(log_command):72]	命令执行成功
[2026-02-06 16:37:27] [INFO] [90-Shovel-k8s(log_command):68]	执行命令: kubeadm reset -f || true
[preflight] Running pre-flight checks
W0206 16:37:27.711727 3042010 removeetcdmember.go:106] [reset] No kubeadm config, using etcd pod spec to get data directory
[reset] Deleted contents of the etcd data directory: /var/lib/etcd
[reset] Stopping the kubelet service
W0206 16:37:27.714177 3042010 cleanupnode.go:87] [reset] Skipping unmount of directories in "/var/lib/kubelet": lstat /var/lib/kubelet: no such file or directory
W0206 16:37:27.723922 3042010 cleanupnode.go:105] [reset] Failed to remove containers: [failed to stop running pod daebf48bdf54e908c971a491aa6d244a668464f8a599e4b455b4a8662dbdd04f: rpc error: code = Unknown desc = failed to destroy network for sandbox "daebf48bdf54e908c971a491aa6d244a668464f8a599e4b455b4a8662dbdd04f": cni plugin not initialized, failed to stop running pod 9acedf22a8a1b94f9c7d0ea353f8adbd6e1539efad4d2eff98d43163931f7e63: rpc error: code = Unknown desc = failed to destroy network for sandbox "9acedf22a8a1b94f9c7d0ea353f8adbd6e1539efad4d2eff98d43163931f7e63": cni plugin not initialized, failed to stop running pod c2b8c28a0b8479a8bffbaa2ae1ed389f723e4a5066ea78ea623e32d2032e66e8: rpc error: code = Unknown desc = failed to destroy network for sandbox "c2b8c28a0b8479a8bffbaa2ae1ed389f723e4a5066ea78ea623e32d2032e66e8": cni plugin not initialized, failed to stop running pod ef410c93132415803aac8561cdf9247bf699f5de7691d6d0a3d60c10bfef754d: rpc error: code = Unknown desc = failed to destroy network for sandbox "ef410c93132415803aac8561cdf9247bf699f5de7691d6d0a3d60c10bfef754d": cni plugin not initialized, failed to stop running pod 9154fc9a5cf38196a47d0d1d55d87e423456e7b531f7850d40a5652994bcb426: rpc error: code = Unknown desc = failed to destroy network for sandbox "9154fc9a5cf38196a47d0d1d55d87e423456e7b531f7850d40a5652994bcb426": cni plugin not initialized, failed to stop running pod ca6ee8e3baf25caad0cf66d8dbb3001b329dbfca6411a6cddbbad3c1c266ffa3: rpc error: code = Unknown desc = failed to destroy network for sandbox "ca6ee8e3baf25caad0cf66d8dbb3001b329dbfca6411a6cddbbad3c1c266ffa3": cni plugin not initialized, failed to stop running pod 24c7a1b3ed793a36dfd2b54aad7929ff63b381c1103b77e070ae5b86ba788161: rpc error: code = Unknown desc = failed to destroy network for sandbox "24c7a1b3ed793a36dfd2b54aad7929ff63b381c1103b77e070ae5b86ba788161": cni plugin not initialized, failed to stop running pod 50309b140b818843f65237d2ed50c024bb227e64c06da6f4392b41f759cbd8e6: rpc error: code = Unknown desc = failed to destroy network for sandbox "50309b140b818843f65237d2ed50c024bb227e64c06da6f4392b41f759cbd8e6": cni plugin not initialized]
[reset] Deleting contents of directories: [/etc/kubernetes/manifests /etc/kubernetes/pki]
[reset] Deleting files: [/etc/kubernetes/admin.conf /etc/kubernetes/super-admin.conf /etc/kubernetes/kubelet.conf /etc/kubernetes/bootstrap-kubelet.conf /etc/kubernetes/controller-manager.conf /etc/kubernetes/scheduler.conf]

The reset process does not clean CNI configuration. To do so, you must remove /etc/cni/net.d

The reset process does not reset or clean up iptables rules or IPVS tables.
If you wish to reset iptables, you must do so manually by using the "iptables" command.

If your cluster was setup to utilize IPVS, run ipvsadm --clear (or similar)
to reset your system's IPVS tables.

The reset process does not clean your kubeconfig files and you must remove them manually.
Please, check the contents of the $HOME/.kube/config file.
[2026-02-06 16:37:27] [INFO] [90-Shovel-k8s(log_command):72]	命令执行成功
[2026-02-06 16:37:27] [INFO] [90-Shovel-k8s(log_command):68]	执行命令: rm -rf /etc/kubernetes /var/lib/etcd /var/lib/kubelet /var/lib/cni /run/flannel /etc/cni/net.d || true
[2026-02-06 16:37:27] [INFO] [90-Shovel-k8s(log_command):72]	命令执行成功
[2026-02-06 16:37:27] [INFO] [90-Shovel-k8s(log_command):68]	执行命令: rm -rf /root/.kube 2>/dev/null || true
[2026-02-06 16:37:27] [INFO] [90-Shovel-k8s(log_command):72]	命令执行成功
[2026-02-06 16:37:27] [INFO] [90-Shovel-k8s(log_command):68]	执行命令: ip link delete "cni0" 2>/dev/null || true
[2026-02-06 16:37:27] [INFO] [90-Shovel-k8s(log_command):72]	命令执行成功
[2026-02-06 16:37:27] [INFO] [90-Shovel-k8s(log_command):68]	执行命令: ip link delete "flannel.1" 2>/dev/null || true
[2026-02-06 16:37:27] [INFO] [90-Shovel-k8s(log_command):72]	命令执行成功
[2026-02-06 16:37:27] [INFO] [90-Shovel-k8s(log_command):68]	执行命令: ip link delete "kube-ipvs0" 2>/dev/null || true
[2026-02-06 16:37:27] [INFO] [90-Shovel-k8s(log_command):72]	命令执行成功
[2026-02-06 16:37:27] [INFO] [90-Shovel-k8s(log_command):68]	执行命令: ip link delete "tunl0" 2>/dev/null || true
[2026-02-06 16:37:27] [INFO] [90-Shovel-k8s(log_command):72]	命令执行成功
[2026-02-06 16:37:27] [INFO] [90-Shovel-k8s(log_command):68]	执行命令: ip link delete "cali0551cb81fb3@if3" 2>/dev/null || true
[2026-02-06 16:37:27] [INFO] [90-Shovel-k8s(log_command):72]	命令执行成功
[2026-02-06 16:37:27] [INFO] [90-Shovel-k8s(log_command):68]	执行命令: ip link delete "cali121183cb480@if3" 2>/dev/null || true
[2026-02-06 16:37:27] [INFO] [90-Shovel-k8s(log_command):72]	命令执行成功
[2026-02-06 16:37:27] [INFO] [90-Shovel-k8s(log_command):68]	执行命令: ip link delete "calif661e1e24ec@if3" 2>/dev/null || true
[2026-02-06 16:37:27] [INFO] [90-Shovel-k8s(log_command):72]	命令执行成功
[2026-02-06 16:37:27] [INFO] [90-Shovel-k8s(log_command):68]	执行命令: ip link delete "cali8cf7527442f@if3" 2>/dev/null || true
[2026-02-06 16:37:27] [INFO] [90-Shovel-k8s(log_command):72]	命令执行成功
[2026-02-06 16:37:27] [INFO] [90-Shovel-k8s(log_command):68]	执行命令: ip link delete "calia6539d3ef4a@if3" 2>/dev/null || true
[2026-02-06 16:37:27] [INFO] [90-Shovel-k8s(log_command):72]	命令执行成功
[2026-02-06 16:37:27] [INFO] [90-Shovel-k8s(log_command):68]	执行命令: ip link delete "cali288dc4a3fa2@if3" 2>/dev/null || true
[2026-02-06 16:37:27] [INFO] [90-Shovel-k8s(log_command):72]	命令执行成功
[2026-02-06 16:37:27] [INFO] [90-Shovel-k8s(log_command):68]	执行命令: systemctl restart containerd 2>/dev/null || true
[2026-02-06 16:37:27] [INFO] [90-Shovel-k8s(log_command):72]	命令执行成功
[2026-02-06 16:37:27] [INFO] [90-Shovel-k8s(main):54]	集群清理完成
[2026-02-06 16:37:27] [INFO] [91-Cleanup-host(main):49]	Cleanup 完成
[2026-02-09 11:05:15] [INFO] [91-Cleanup-host(init_logging):53]	-------------------脚本开始执行----------------------
[2026-02-09 11:05:15] [INFO] [91-Cleanup-host(init_framework):327]	OS: ubuntu 22.04
[2026-02-09 11:05:15] [WARN] [91-Cleanup-host(main):11]	开始清理：仅回滚 k8s-deploy 记录过的备份 + 移除 k8s-deploy 写入的独立配置文件。
[2026-02-09 11:05:15] [INFO] [90-Shovel-k8s(init_logging):53]	-------------------脚本开始执行----------------------
[2026-02-09 11:05:15] [INFO] [90-Shovel-k8s(init_framework):327]	OS: ubuntu 22.04
[2026-02-09 11:05:15] [INFO] [90-Shovel-k8s(main):10]	清理 kubeadm 集群（kubeadm reset + 清理 KUBE/CALI 链 + 清理目录）
[2026-02-09 11:05:15] [INFO] [90-Shovel-k8s(log_command):68]	执行命令: systemctl stop kubelet 2>/dev/null || true
[2026-02-09 11:05:15] [INFO] [90-Shovel-k8s(log_command):72]	命令执行成功
[2026-02-09 11:05:15] [INFO] [90-Shovel-k8s(log_command):68]	执行命令: kubeadm reset -f || true
[reset] Reading configuration from the cluster...
[reset] FYI: You can look at this config file with 'kubectl -n kube-system get cm kubeadm-config -o yaml'
[preflight] Running pre-flight checks
[reset] Deleted contents of the etcd data directory: /var/lib/etcd
[reset] Stopping the kubelet service
[reset] Unmounting mounted directories in "/var/lib/kubelet"
W0209 11:05:20.490266 2076428 cleanupnode.go:105] [reset] Failed to remove containers: [failed to stop running pod a5e7d3751afdb065ea9d4052b2597875c6399550e0c2db51d34c6cb95ced4782: rpc error: code = Unknown desc = failed to destroy network for sandbox "a5e7d3751afdb065ea9d4052b2597875c6399550e0c2db51d34c6cb95ced4782": plugin type="calico" failed (delete): error getting ClusterInformation: Get "https://10.96.0.1:443/apis/crd.projectcalico.org/v1/clusterinformations/default": dial tcp 10.96.0.1:443: connect: connection refused, failed to stop running pod bb91f990d168ff6106df558d8ccbfd0a6448698145f21f77fa7dc95826bb0f0a: rpc error: code = Unknown desc = failed to destroy network for sandbox "bb91f990d168ff6106df558d8ccbfd0a6448698145f21f77fa7dc95826bb0f0a": plugin type="calico" failed (delete): error getting ClusterInformation: Get "https://10.96.0.1:443/apis/crd.projectcalico.org/v1/clusterinformations/default": dial tcp 10.96.0.1:443: connect: connection refused, failed to stop running pod 0f783ba47b50af1363ae0f3b24c2b05720799cce077e36c909695d0ad7abb892: rpc error: code = Unknown desc = failed to destroy network for sandbox "0f783ba47b50af1363ae0f3b24c2b05720799cce077e36c909695d0ad7abb892": plugin type="calico" failed (delete): error getting ClusterInformation: Get "https://10.96.0.1:443/apis/crd.projectcalico.org/v1/clusterinformations/default": dial tcp 10.96.0.1:443: connect: connection refused, failed to stop running pod 3f700f98ee0ac2098e9dd5a5f72306e66cd171868fa77583ee22b590963e474b: rpc error: code = Unknown desc = failed to destroy network for sandbox "3f700f98ee0ac2098e9dd5a5f72306e66cd171868fa77583ee22b590963e474b": plugin type="calico" failed (delete): error getting ClusterInformation: Get "https://10.96.0.1:443/apis/crd.projectcalico.org/v1/clusterinformations/default": dial tcp 10.96.0.1:443: connect: connection refused, failed to stop running pod 0e58de3f0e4623d65f637ba72bfab29cbe7d111e33caa219221e356b2e7eadd5: rpc error: code = Unknown desc = failed to destroy network for sandbox "0e58de3f0e4623d65f637ba72bfab29cbe7d111e33caa219221e356b2e7eadd5": plugin type="calico" failed (delete): error getting ClusterInformation: Get "https://10.96.0.1:443/apis/crd.projectcalico.org/v1/clusterinformations/default": dial tcp 10.96.0.1:443: connect: connection refused, failed to stop running pod 6884120855f28bd965995ef9968d5f8cbc427fb4635360e87bde8392feef9ee3: rpc error: code = Unknown desc = failed to destroy network for sandbox "6884120855f28bd965995ef9968d5f8cbc427fb4635360e87bde8392feef9ee3": plugin type="calico" failed (delete): error getting ClusterInformation: Get "https://10.96.0.1:443/apis/crd.projectcalico.org/v1/clusterinformations/default": dial tcp 10.96.0.1:443: connect: connection refused, failed to stop running pod b959fd4ef097f0535d6066346b0505c0e2cb7586cee2f84fd5cac429e36c1fd2: rpc error: code = Unknown desc = failed to destroy network for sandbox "b959fd4ef097f0535d6066346b0505c0e2cb7586cee2f84fd5cac429e36c1fd2": plugin type="calico" failed (delete): error getting ClusterInformation: Get "https://10.96.0.1:443/apis/crd.projectcalico.org/v1/clusterinformations/default": dial tcp 10.96.0.1:443: connect: connection refused, failed to stop running pod 4fdabdf86ab8c2aeb73632dec83146465c12cddf6c0b7dce83f5e961b2ed125e: rpc error: code = Unknown desc = failed to destroy network for sandbox "4fdabdf86ab8c2aeb73632dec83146465c12cddf6c0b7dce83f5e961b2ed125e": plugin type="calico" failed (delete): error getting ClusterInformation: Get "https://10.96.0.1:443/apis/crd.projectcalico.org/v1/clusterinformations/default": dial tcp 10.96.0.1:443: connect: connection refused]
[reset] Deleting contents of directories: [/etc/kubernetes/manifests /var/lib/kubelet /etc/kubernetes/pki]
[reset] Deleting files: [/etc/kubernetes/admin.conf /etc/kubernetes/super-admin.conf /etc/kubernetes/kubelet.conf /etc/kubernetes/bootstrap-kubelet.conf /etc/kubernetes/controller-manager.conf /etc/kubernetes/scheduler.conf]

The reset process does not clean CNI configuration. To do so, you must remove /etc/cni/net.d

The reset process does not reset or clean up iptables rules or IPVS tables.
If you wish to reset iptables, you must do so manually by using the "iptables" command.

If your cluster was setup to utilize IPVS, run ipvsadm --clear (or similar)
to reset your system's IPVS tables.

The reset process does not clean your kubeconfig files and you must remove them manually.
Please, check the contents of the $HOME/.kube/config file.
[2026-02-09 11:05:20] [INFO] [90-Shovel-k8s(log_command):72]	命令执行成功
[2026-02-09 11:05:20] [INFO] [90-Shovel-k8s(log_command):68]	执行命令: rm -rf /etc/kubernetes /var/lib/etcd /var/lib/kubelet /var/lib/cni /run/flannel /etc/cni/net.d || true
[2026-02-09 11:05:20] [INFO] [90-Shovel-k8s(log_command):72]	命令执行成功
[2026-02-09 11:05:20] [INFO] [90-Shovel-k8s(log_command):68]	执行命令: rm -rf /root/.kube 2>/dev/null || true
[2026-02-09 11:05:20] [INFO] [90-Shovel-k8s(log_command):72]	命令执行成功
[2026-02-09 11:05:20] [INFO] [90-Shovel-k8s(log_command):68]	执行命令: ip link delete "cni0" 2>/dev/null || true
[2026-02-09 11:05:20] [INFO] [90-Shovel-k8s(log_command):72]	命令执行成功
[2026-02-09 11:05:20] [INFO] [90-Shovel-k8s(log_command):68]	执行命令: ip link delete "flannel.1" 2>/dev/null || true
[2026-02-09 11:05:20] [INFO] [90-Shovel-k8s(log_command):72]	命令执行成功
[2026-02-09 11:05:20] [INFO] [90-Shovel-k8s(log_command):68]	执行命令: ip link delete "kube-ipvs0" 2>/dev/null || true
[2026-02-09 11:05:20] [INFO] [90-Shovel-k8s(log_command):72]	命令执行成功
[2026-02-09 11:05:20] [INFO] [90-Shovel-k8s(log_command):68]	执行命令: ip link delete "tunl0" 2>/dev/null || true
[2026-02-09 11:05:20] [INFO] [90-Shovel-k8s(log_command):72]	命令执行成功
[2026-02-09 11:05:20] [INFO] [90-Shovel-k8s(log_command):68]	执行命令: ip link delete "cali1a3cdd45c3b@if3" 2>/dev/null || true
[2026-02-09 11:05:20] [INFO] [90-Shovel-k8s(log_command):72]	命令执行成功
[2026-02-09 11:05:20] [INFO] [90-Shovel-k8s(log_command):68]	执行命令: ip link delete "calieada5dfb38a@if3" 2>/dev/null || true
[2026-02-09 11:05:20] [INFO] [90-Shovel-k8s(log_command):72]	命令执行成功
[2026-02-09 11:05:20] [INFO] [90-Shovel-k8s(log_command):68]	执行命令: ip link delete "cali1d860c5a441@if3" 2>/dev/null || true
[2026-02-09 11:05:20] [INFO] [90-Shovel-k8s(log_command):72]	命令执行成功
[2026-02-09 11:05:20] [INFO] [90-Shovel-k8s(log_command):68]	执行命令: ip link delete "cali06156b184ae@if3" 2>/dev/null || true
[2026-02-09 11:05:20] [INFO] [90-Shovel-k8s(log_command):72]	命令执行成功
[2026-02-09 11:05:20] [INFO] [90-Shovel-k8s(log_command):68]	执行命令: ip link delete "califfd676b9fae@if3" 2>/dev/null || true
[2026-02-09 11:05:20] [INFO] [90-Shovel-k8s(log_command):72]	命令执行成功
[2026-02-09 11:05:20] [INFO] [90-Shovel-k8s(log_command):68]	执行命令: ip link delete "calidf2ba34b7d4@if3" 2>/dev/null || true
[2026-02-09 11:05:20] [INFO] [90-Shovel-k8s(log_command):72]	命令执行成功
[2026-02-09 11:05:20] [INFO] [90-Shovel-k8s(log_command):68]	执行命令: systemctl restart containerd 2>/dev/null || true
[2026-02-09 11:05:20] [INFO] [90-Shovel-k8s(log_command):72]	命令执行成功
[2026-02-09 11:05:20] [INFO] [90-Shovel-k8s(main):54]	集群清理完成
[2026-02-09 11:05:20] [INFO] [91-Cleanup-host(main):49]	Cleanup 完成
